start............................................
working directory is /global/cscratch1/sd/jcha9928/anal/ABCD/abcd_nersc_code
parallel: Warning: Only enough file handles to run 1019 jobs in parallel.
parallel: Warning: Running 'parallel -j0 -N 1019 --pipe parallel -j0' or
parallel: Warning: raising 'ulimit -n' or 'nofile' in /etc/security/limits.conf
parallel: Warning: or /proc/sys/fs/file-max may help.
parallel: Warning: No more processes: Decreasing number of running jobs to 1018.
parallel: Warning: Raising ulimit -u or /etc/security/limits.conf may help.
parallel: Warning: No more processes: Decreasing number of running jobs to 1017.
parallel: Warning: Raising ulimit -u or /etc/security/limits.conf may help.
parallel: Warning: No more processes: Decreasing number of running jobs to 1016.
parallel: Warning: Raising ulimit -u or /etc/security/limits.conf may help.
parallel: Warning: No more processes: Decreasing number of running jobs to 1015.
parallel: Warning: Raising ulimit -u or /etc/security/limits.conf may help.
parallel: Warning: No more processes: Decreasing number of running jobs to 1014.
parallel: Warning: Raising ulimit -u or /etc/security/limits.conf may help.
parallel: Warning: No more processes: Decreasing number of running jobs to 1013.
parallel: Warning: Raising ulimit -u or /etc/security/limits.conf may help.
parallel: Warning: No more processes: Decreasing number of running jobs to 1012.
parallel: Warning: Raising ulimit -u or /etc/security/limits.conf may help.
/global/homes/j/jcha9928/.bashrc: fork: retry: No child processes
/global/homes/j/jcha9928/.bashrc: fork: retry: No child processes
parallel: Warning: No more processes: Decreasing number of running jobs to 1011.
parallel: Warning: Raising ulimit -u or /etc/security/limits.conf may help.
/bin/bash: fork: retry: No child processes
/bin/bash: fork: retry: No child processes
/global/homes/j/jcha9928/.bashrc: fork: retry: No child processes
/bin/bash: fork: retry: No child processes
parallel: Warning: No more processes: Decreasing number of running jobs to 1010.
parallel: Warning: Raising ulimit -u or /etc/security/limits.conf may help.
/global/homes/j/jcha9928/.bashrc: fork: retry: No child processes
/global/homes/j/jcha9928/.bashrc: fork: retry: No child processes
parallel: Warning: No more processes: Decreasing number of running jobs to 1009.
parallel: Warning: Raising ulimit -u or /etc/security/limits.conf may help.
/bin/bash: fork: retry: No child processes
parallel: Warning: No more processes: Decreasing number of running jobs to 1008.
parallel: Warning: Raising ulimit -u or /etc/security/limits.conf may help.
/bin/bash: fork: retry: No child processes
/global/homes/j/jcha9928/.bashrc: fork: retry: No child processes
parallel: Warning: No more processes: Decreasing number of running jobs to 1007.
parallel: Warning: Raising ulimit -u or /etc/security/limits.conf may help.
parallel: Warning: No more processes: Decreasing number of running jobs to 1006.
parallel: Warning: Raising ulimit -u or /etc/security/limits.conf may help.
/bin/bash: fork: retry: No child processes
parallel: Warning: No more processes: Decreasing number of running jobs to 1005.
parallel: Warning: Raising ulimit -u or /etc/security/limits.conf may help.
/bin/bash: fork: retry: No child processes
/global/homes/j/jcha9928/.bashrc: fork: retry: No child processes
/bin/bash: fork: retry: No child processes
/global/homes/j/jcha9928/.bashrc: fork: retry: No child processes
/global/homes/j/jcha9928/.bashrc: fork: retry: No child processes
parallel: Warning: No more processes: Decreasing number of running jobs to 1004.
parallel: Warning: Raising ulimit -u or /etc/security/limits.conf may help.
/global/homes/j/jcha9928/.bashrc: fork: retry: No child processes
/global/homes/j/jcha9928/.bashrc: fork: retry: No child processes
/bin/bash: fork: retry: No child processes
/bin/bash: fork: retry: No child processes
/global/homes/j/jcha9928/.bashrc: fork: retry: No child processes
/global/homes/j/jcha9928/.bashrc: fork: retry: No child processes
/bin/bash: fork: retry: No child processes
/bin/bash: fork: retry: No child processes
parallel: Warning: No more processes: Decreasing number of running jobs to 1003.
parallel: Warning: Raising ulimit -u or /etc/security/limits.conf may help.
/global/homes/j/jcha9928/.bashrc: fork: retry: No child processes
parallel: Warning: No more processes: Decreasing number of running jobs to 1002.
parallel: Warning: Raising ulimit -u or /etc/security/limits.conf may help.
/bin/bash: fork: retry: No child processes
parallel: Warning: No more processes: Decreasing number of running jobs to 1001.
parallel: Warning: Raising ulimit -u or /etc/security/limits.conf may help.
/bin/bash: fork: retry: No child processes
/global/homes/j/jcha9928/.bashrc: fork: retry: No child processes
/global/homes/j/jcha9928/.bashrc: fork: retry: No child processes
parallel: Warning: No more processes: Decreasing number of running jobs to 1000.
parallel: Warning: Raising ulimit -u or /etc/security/limits.conf may help.
/global/homes/j/jcha9928/.bashrc: fork: retry: No child processes
/global/homes/j/jcha9928/.bashrc: fork: retry: No child processes
parallel: Warning: No more processes: Decreasing number of running jobs to 999.
parallel: Warning: Raising ulimit -u or /etc/security/limits.conf may help.
parallel: Warning: No more processes: Decreasing number of running jobs to 998.
parallel: Warning: Raising ulimit -u or /etc/security/limits.conf may help.
/global/homes/j/jcha9928/.bashrc: fork: retry: No child processes
/bin/bash: fork: retry: No child processes
parallel: Warning: No more processes: Decreasing number of running jobs to 997.
parallel: Warning: Raising ulimit -u or /etc/security/limits.conf may help.
/global/homes/j/jcha9928/.bashrc: fork: retry: No child processes
/global/homes/j/jcha9928/.bashrc: fork: retry: No child processes
parallel: Warning: No more processes: Decreasing number of running jobs to 996.
parallel: Warning: Raising ulimit -u or /etc/security/limits.conf may help.
/global/homes/j/jcha9928/.bashrc: fork: retry: No child processes
parallel: Warning: No more processes: Decreasing number of running jobs to 995.
parallel: Warning: Raising ulimit -u or /etc/security/limits.conf may help.
parallel: Warning: No more processes: Decreasing number of running jobs to 994.
parallel: Warning: Raising ulimit -u or /etc/security/limits.conf may help.
/global/homes/j/jcha9928/.bashrc: fork: retry: No child processes
parallel: Warning: No more processes: Decreasing number of running jobs to 993.
parallel: Warning: Raising ulimit -u or /etc/security/limits.conf may help.
parallel: Warning: No more processes: Decreasing number of running jobs to 992.
parallel: Warning: Raising ulimit -u or /etc/security/limits.conf may help.
parallel: Warning: No more processes: Decreasing number of running jobs to 991.
parallel: Warning: Raising ulimit -u or /etc/security/limits.conf may help.
parallel: Warning: No more processes: Decreasing number of running jobs to 990.
parallel: Warning: Raising ulimit -u or /etc/security/limits.conf may help.
/bin/bash: fork: retry: No child processes
parallel: Warning: No more processes: Decreasing number of running jobs to 989.
parallel: Warning: Raising ulimit -u or /etc/security/limits.conf may help.
/global/homes/j/jcha9928/.bashrc: fork: retry: No child processes
/bin/bash: fork: retry: No child processes
/global/homes/j/jcha9928/.bashrc: fork: retry: No child processes
parallel: Warning: No more processes: Decreasing number of running jobs to 988.
parallel: Warning: Raising ulimit -u or /etc/security/limits.conf may help.
/global/homes/j/jcha9928/.bashrc: fork: retry: No child processes
/global/homes/j/jcha9928/.bashrc: fork: retry: No child processes
parallel: Warning: No more processes: Decreasing number of running jobs to 987.
parallel: Warning: Raising ulimit -u or /etc/security/limits.conf may help.
/global/homes/j/jcha9928/.bashrc: fork: retry: No child processes
/bin/bash: fork: retry: No child processes
/global/homes/j/jcha9928/.bashrc: fork: retry: No child processes
parallel: Warning: No more processes: Decreasing number of running jobs to 986.
parallel: Warning: Raising ulimit -u or /etc/security/limits.conf may help.
parallel: Warning: No more processes: Decreasing number of running jobs to 985.
parallel: Warning: Raising ulimit -u or /etc/security/limits.conf may help.
parallel: Warning: No more processes: Decreasing number of running jobs to 984.
parallel: Warning: Raising ulimit -u or /etc/security/limits.conf may help.
/global/homes/j/jcha9928/.bashrc: fork: retry: No child processes
parallel: Warning: No more processes: Decreasing number of running jobs to 983.
parallel: Warning: Raising ulimit -u or /etc/security/limits.conf may help.
/global/homes/j/jcha9928/.bashrc: fork: retry: No child processes
/global/homes/j/jcha9928/.bashrc: fork: retry: No child processes
parallel: Warning: No more processes: Decreasing number of running jobs to 982.
parallel: Warning: Raising ulimit -u or /etc/security/limits.conf may help.
/bin/bash: fork: retry: No child processes
/global/homes/j/jcha9928/.bashrc: fork: retry: No child processes
/bin/bash: fork: retry: No child processes
parallel: Warning: No more processes: Decreasing number of running jobs to 981.
parallel: Warning: Raising ulimit -u or /etc/security/limits.conf may help.
parallel: Warning: No more processes: Decreasing number of running jobs to 980.
parallel: Warning: Raising ulimit -u or /etc/security/limits.conf may help.
/bin/bash: fork: retry: No child processes
parallel: Warning: No more processes: Decreasing number of running jobs to 979.
parallel: Warning: Raising ulimit -u or /etc/security/limits.conf may help.
parallel: Warning: No more processes: Decreasing number of running jobs to 978.
parallel: Warning: Raising ulimit -u or /etc/security/limits.conf may help.
parallel: Warning: No more processes: Decreasing number of running jobs to 977.
parallel: Warning: Raising ulimit -u or /etc/security/limits.conf may help.
parallel: Warning: No more processes: Decreasing number of running jobs to 976.
parallel: Warning: Raising ulimit -u or /etc/security/limits.conf may help.
parallel: Warning: No more processes: Decreasing number of running jobs to 975.
parallel: Warning: Raising ulimit -u or /etc/security/limits.conf may help.
/global/homes/j/jcha9928/.bashrc: fork: retry: No child processes
parallel: Warning: No more processes: Decreasing number of running jobs to 974.
parallel: Warning: Raising ulimit -u or /etc/security/limits.conf may help.
parallel: Warning: No more processes: Decreasing number of running jobs to 973.
parallel: Warning: Raising ulimit -u or /etc/security/limits.conf may help.
/global/homes/j/jcha9928/.bashrc: fork: retry: No child processes
/bin/bash: fork: retry: No child processes
/global/homes/j/jcha9928/.bashrc: fork: retry: No child processes
/bin/bash: fork: retry: No child processes
/bin/bash: fork: retry: No child processes
parallel: Warning: No more processes: Decreasing number of running jobs to 972.
parallel: Warning: Raising ulimit -u or /etc/security/limits.conf may help.
/global/homes/j/jcha9928/.bashrc: fork: retry: No child processes
/global/homes/j/jcha9928/.bashrc: fork: retry: No child processes
parallel: Warning: No more processes: Decreasing number of running jobs to 971.
parallel: Warning: Raising ulimit -u or /etc/security/limits.conf may help.
/global/homes/j/jcha9928/.bashrc: fork: retry: No child processes
/global/homes/j/jcha9928/.bashrc: fork: retry: No child processes
parallel: Warning: No more processes: Decreasing number of running jobs to 970.
parallel: Warning: Raising ulimit -u or /etc/security/limits.conf may help.
/bin/bash: fork: retry: No child processes
/global/homes/j/jcha9928/.bashrc: fork: retry: No child processes
/global/homes/j/jcha9928/.bashrc: fork: retry: No child processes
/global/homes/j/jcha9928/.bashrc: fork: retry: No child processes
parallel: Warning: No more processes: Decreasing number of running jobs to 969.
parallel: Warning: Raising ulimit -u or /etc/security/limits.conf may help.
parallel: Warning: No more processes: Decreasing number of running jobs to 968.
parallel: Warning: Raising ulimit -u or /etc/security/limits.conf may help.
/global/homes/j/jcha9928/.bashrc: fork: retry: No child processes
parallel: Warning: No more processes: Decreasing number of running jobs to 967.
parallel: Warning: Raising ulimit -u or /etc/security/limits.conf may help.
parallel: Warning: No more processes: Decreasing number of running jobs to 966.
parallel: Warning: Raising ulimit -u or /etc/security/limits.conf may help.
parallel: Warning: No more processes: Decreasing number of running jobs to 965.
parallel: Warning: Raising ulimit -u or /etc/security/limits.conf may help.
parallel: Warning: No more processes: Decreasing number of running jobs to 964.
parallel: Warning: Raising ulimit -u or /etc/security/limits.conf may help.
/global/homes/j/jcha9928/.bashrc: fork: retry: No child processes
/global/homes/j/jcha9928/.bashrc: fork: retry: No child processes
parallel: Warning: No more processes: Decreasing number of running jobs to 963.
parallel: Warning: Raising ulimit -u or /etc/security/limits.conf may help.
parallel: Warning: No more processes: Decreasing number of running jobs to 962.
parallel: Warning: Raising ulimit -u or /etc/security/limits.conf may help.
/bin/bash: fork: retry: No child processes
parallel: Warning: No more processes: Decreasing number of running jobs to 961.
parallel: Warning: Raising ulimit -u or /etc/security/limits.conf may help.
/global/homes/j/jcha9928/.bashrc: fork: retry: No child processes
parallel: Warning: No more processes: Decreasing number of running jobs to 960.
parallel: Warning: Raising ulimit -u or /etc/security/limits.conf may help.
/bin/bash: fork: retry: No child processes
/global/homes/j/jcha9928/.bashrc: fork: retry: No child processes
/global/homes/j/jcha9928/.bashrc: fork: retry: No child processes
parallel: Warning: No more processes: Decreasing number of running jobs to 959.
parallel: Warning: Raising ulimit -u or /etc/security/limits.conf may help.
parallel: Warning: No more processes: Decreasing number of running jobs to 958.
parallel: Warning: Raising ulimit -u or /etc/security/limits.conf may help.
parallel: Warning: No more processes: Decreasing number of running jobs to 957.
parallel: Warning: Raising ulimit -u or /etc/security/limits.conf may help.
parallel: Warning: No more processes: Decreasing number of running jobs to 956.
parallel: Warning: Raising ulimit -u or /etc/security/limits.conf may help.
/global/homes/j/jcha9928/.bashrc: fork: retry: No child processes
/global/homes/j/jcha9928/.bashrc: fork: retry: No child processes
parallel: Warning: No more processes: Decreasing number of running jobs to 955.
parallel: Warning: Raising ulimit -u or /etc/security/limits.conf may help.
parallel: Warning: No more processes: Decreasing number of running jobs to 954.
parallel: Warning: Raising ulimit -u or /etc/security/limits.conf may help.
/bin/bash: fork: retry: No child processes
/global/homes/j/jcha9928/.bashrc: fork: retry: No child processes
parallel: Warning: No more processes: Decreasing number of running jobs to 953.
parallel: Warning: Raising ulimit -u or /etc/security/limits.conf may help.
/global/homes/j/jcha9928/.bashrc: fork: retry: No child processes
/global/homes/j/jcha9928/.bashrc: fork: retry: No child processes
/bin/bash: fork: retry: No child processes
parallel: Warning: No more processes: Decreasing number of running jobs to 952.
parallel: Warning: Raising ulimit -u or /etc/security/limits.conf may help.
/bin/bash: fork: retry: No child processes
/global/homes/j/jcha9928/.bashrc: fork: retry: No child processes
/global/homes/j/jcha9928/.bashrc: fork: retry: No child processes
parallel: Warning: No more processes: Decreasing number of running jobs to 951.
parallel: Warning: Raising ulimit -u or /etc/security/limits.conf may help.
parallel: Warning: No more processes: Decreasing number of running jobs to 950.
parallel: Warning: Raising ulimit -u or /etc/security/limits.conf may help.
/global/homes/j/jcha9928/.bashrc: fork: retry: No child processes
/bin/bash: fork: retry: No child processes
/bin/bash: fork: retry: No child processes
/global/homes/j/jcha9928/.bashrc: fork: retry: No child processes
parallel: Warning: No more processes: Decreasing number of running jobs to 949.
parallel: Warning: Raising ulimit -u or /etc/security/limits.conf may help.
/global/homes/j/jcha9928/.bashrc: fork: retry: No child processes
parallel: Warning: No more processes: Decreasing number of running jobs to 948.
parallel: Warning: Raising ulimit -u or /etc/security/limits.conf may help.
/global/homes/j/jcha9928/.bashrc: fork: retry: No child processes
parallel: Warning: No more processes: Decreasing number of running jobs to 947.
parallel: Warning: Raising ulimit -u or /etc/security/limits.conf may help.
/global/homes/j/jcha9928/.bashrc: fork: retry: No child processes
/bin/bash: fork: retry: No child processes
/global/homes/j/jcha9928/.bashrc: fork: retry: No child processes
parallel: Warning: No more processes: Decreasing number of running jobs to 946.
parallel: Warning: Raising ulimit -u or /etc/security/limits.conf may help.
/global/homes/j/jcha9928/.bashrc: fork: retry: No child processes
/global/homes/j/jcha9928/.bashrc: fork: retry: No child processes
/bin/bash: fork: retry: No child processes
parallel: Warning: No more processes: Decreasing number of running jobs to 945.
parallel: Warning: Raising ulimit -u or /etc/security/limits.conf may help.
/global/homes/j/jcha9928/.bashrc: fork: retry: No child processes
parallel: Warning: No more processes: Decreasing number of running jobs to 944.
parallel: Warning: Raising ulimit -u or /etc/security/limits.conf may help.
/global/homes/j/jcha9928/.bashrc: fork: retry: No child processes
/bin/bash: fork: retry: No child processes
parallel: Warning: No more processes: Decreasing number of running jobs to 943.
parallel: Warning: Raising ulimit -u or /etc/security/limits.conf may help.
/global/homes/j/jcha9928/.bashrc: fork: retry: No child processes
parallel: Warning: No more processes: Decreasing number of running jobs to 942.
parallel: Warning: Raising ulimit -u or /etc/security/limits.conf may help.
/global/homes/j/jcha9928/.bashrc: fork: retry: No child processes
/global/homes/j/jcha9928/.bashrc: fork: retry: No child processes
/bin/bash: fork: retry: No child processes
/bin/bash: fork: retry: No child processes
/global/homes/j/jcha9928/.bashrc: fork: retry: No child processes
/global/homes/j/jcha9928/.bashrc: fork: retry: No child processes
parallel: Warning: No more processes: Decreasing number of running jobs to 941.
parallel: Warning: Raising ulimit -u or /etc/security/limits.conf may help.
parallel: Warning: No more processes: Decreasing number of running jobs to 940.
parallel: Warning: Raising ulimit -u or /etc/security/limits.conf may help.
/global/homes/j/jcha9928/.bashrc: fork: retry: No child processes
/global/homes/j/jcha9928/.bashrc: fork: retry: No child processes
parallel: Warning: No more processes: Decreasing number of running jobs to 939.
parallel: Warning: Raising ulimit -u or /etc/security/limits.conf may help.
/bin/bash: fork: retry: No child processes
parallel: Warning: No more processes: Decreasing number of running jobs to 938.
parallel: Warning: Raising ulimit -u or /etc/security/limits.conf may help.
parallel: Warning: No more processes: Decreasing number of running jobs to 937.
parallel: Warning: Raising ulimit -u or /etc/security/limits.conf may help.
parallel: Warning: No more processes: Decreasing number of running jobs to 936.
parallel: Warning: Raising ulimit -u or /etc/security/limits.conf may help.
/bin/bash: fork: retry: No child processes
/global/homes/j/jcha9928/.bashrc: fork: retry: No child processes
/bin/bash: fork: retry: No child processes
/global/homes/j/jcha9928/.bashrc: fork: retry: No child processes
/global/homes/j/jcha9928/.bashrc: fork: retry: No child processes
/bin/bash: fork: retry: No child processes
parallel: Warning: No more processes: Decreasing number of running jobs to 935.
parallel: Warning: Raising ulimit -u or /etc/security/limits.conf may help.
parallel: Warning: No more processes: Decreasing number of running jobs to 934.
parallel: Warning: Raising ulimit -u or /etc/security/limits.conf may help.
parallel: Warning: No more processes: Decreasing number of running jobs to 933.
parallel: Warning: Raising ulimit -u or /etc/security/limits.conf may help.
/global/homes/j/jcha9928/.bashrc: fork: retry: No child processes
/global/homes/j/jcha9928/.bashrc: fork: retry: No child processes
parallel: Warning: No more processes: Decreasing number of running jobs to 932.
parallel: Warning: Raising ulimit -u or /etc/security/limits.conf may help.
/global/homes/j/jcha9928/.bashrc: fork: retry: No child processes
parallel: Warning: No more processes: Decreasing number of running jobs to 931.
parallel: Warning: Raising ulimit -u or /etc/security/limits.conf may help.
/global/homes/j/jcha9928/.bashrc: fork: retry: No child processes
parallel: Warning: No more processes: Decreasing number of running jobs to 930.
parallel: Warning: Raising ulimit -u or /etc/security/limits.conf may help.
/bin/bash: fork: retry: No child processes
parallel: Warning: No more processes: Decreasing number of running jobs to 929.
parallel: Warning: Raising ulimit -u or /etc/security/limits.conf may help.
parallel: Warning: No more processes: Decreasing number of running jobs to 928.
parallel: Warning: Raising ulimit -u or /etc/security/limits.conf may help.
/global/homes/j/jcha9928/.bashrc: fork: retry: No child processes
parallel: Warning: No more processes: Decreasing number of running jobs to 927.
parallel: Warning: Raising ulimit -u or /etc/security/limits.conf may help.
parallel: Warning: No more processes: Decreasing number of running jobs to 926.
parallel: Warning: Raising ulimit -u or /etc/security/limits.conf may help.
/global/homes/j/jcha9928/.bashrc: fork: retry: No child processes
/global/homes/j/jcha9928/.bashrc: fork: retry: No child processes
/bin/bash: fork: retry: No child processes
/bin/bash: fork: retry: No child processes
/global/homes/j/jcha9928/.bashrc: fork: retry: No child processes
/global/homes/j/jcha9928/.bashrc: fork: retry: No child processes
/global/homes/j/jcha9928/.bashrc: fork: retry: No child processes
/global/homes/j/jcha9928/.bashrc: fork: retry: No child processes
/global/homes/j/jcha9928/.bashrc: fork: retry: No child processes
/bin/bash: fork: retry: No child processes
parallel: Warning: No more processes: Decreasing number of running jobs to 925.
parallel: Warning: Raising ulimit -u or /etc/security/limits.conf may help.
parallel: Warning: No more processes: Decreasing number of running jobs to 924.
parallel: Warning: Raising ulimit -u or /etc/security/limits.conf may help.
parallel: Warning: No more processes: Decreasing number of running jobs to 923.
parallel: Warning: Raising ulimit -u or /etc/security/limits.conf may help.
/global/homes/j/jcha9928/.bashrc: fork: retry: No child processes
parallel: Warning: No more processes: Decreasing number of running jobs to 922.
parallel: Warning: Raising ulimit -u or /etc/security/limits.conf may help.
/global/homes/j/jcha9928/.bashrc: fork: retry: No child processes
/global/homes/j/jcha9928/.bashrc: fork: retry: No child processes
/bin/bash: fork: retry: No child processes
/global/homes/j/jcha9928/.bashrc: fork: retry: No child processes
parallel: Warning: No more processes: Decreasing number of running jobs to 921.
parallel: Warning: Raising ulimit -u or /etc/security/limits.conf may help.
parallel: Warning: No more processes: Decreasing number of running jobs to 920.
parallel: Warning: Raising ulimit -u or /etc/security/limits.conf may help.
parallel: Warning: No more processes: Decreasing number of running jobs to 919.
parallel: Warning: Raising ulimit -u or /etc/security/limits.conf may help.
/bin/bash: fork: retry: No child processes
parallel: Warning: No more processes: Decreasing number of running jobs to 918.
parallel: Warning: Raising ulimit -u or /etc/security/limits.conf may help.
parallel: Warning: No more processes: Decreasing number of running jobs to 917.
parallel: Warning: Raising ulimit -u or /etc/security/limits.conf may help.
/global/homes/j/jcha9928/.bashrc: fork: retry: No child processes
parallel: Warning: No more processes: Decreasing number of running jobs to 916.
parallel: Warning: Raising ulimit -u or /etc/security/limits.conf may help.
/bin/bash: fork: retry: No child processes
parallel: Warning: No more processes: Decreasing number of running jobs to 915.
parallel: Warning: Raising ulimit -u or /etc/security/limits.conf may help.
/global/homes/j/jcha9928/.bashrc: fork: retry: No child processes
/global/homes/j/jcha9928/.bashrc: fork: retry: No child processes
parallel: Warning: No more processes: Decreasing number of running jobs to 914.
parallel: Warning: Raising ulimit -u or /etc/security/limits.conf may help.
/global/homes/j/jcha9928/.bashrc: fork: retry: No child processes
parallel: Warning: No more processes: Decreasing number of running jobs to 913.
parallel: Warning: Raising ulimit -u or /etc/security/limits.conf may help.
parallel: Warning: No more processes: Decreasing number of running jobs to 912.
parallel: Warning: Raising ulimit -u or /etc/security/limits.conf may help.
/global/homes/j/jcha9928/.bashrc: fork: retry: No child processes
/global/homes/j/jcha9928/.bashrc: fork: retry: No child processes
parallel: Warning: No more processes: Decreasing number of running jobs to 911.
parallel: Warning: Raising ulimit -u or /etc/security/limits.conf may help.
/global/homes/j/jcha9928/.bashrc: fork: retry: No child processes
/global/homes/j/jcha9928/.bashrc: fork: retry: No child processes
parallel: Warning: No more processes: Decreasing number of running jobs to 910.
parallel: Warning: Raising ulimit -u or /etc/security/limits.conf may help.
/global/homes/j/jcha9928/.bashrc: fork: retry: No child processes
parallel: Warning: No more processes: Decreasing number of running jobs to 909.
parallel: Warning: Raising ulimit -u or /etc/security/limits.conf may help.
/global/homes/j/jcha9928/.bashrc: fork: retry: No child processes
parallel: Warning: No more processes: Decreasing number of running jobs to 908.
parallel: Warning: Raising ulimit -u or /etc/security/limits.conf may help.
/bin/bash: fork: retry: No child processes
parallel: Warning: No more processes: Decreasing number of running jobs to 907.
parallel: Warning: Raising ulimit -u or /etc/security/limits.conf may help.
/bin/bash: fork: retry: No child processes
/global/homes/j/jcha9928/.bashrc: fork: retry: No child processes
/bin/bash: fork: retry: No child processes
/bin/bash: fork: retry: No child processes
/global/homes/j/jcha9928/.bashrc: fork: retry: No child processes
/global/homes/j/jcha9928/.bashrc: fork: retry: No child processes
/global/homes/j/jcha9928/.bashrc: fork: retry: No child processes
/bin/bash: fork: retry: No child processes
/bin/bash: fork: retry: No child processes
slurmstepd: error: Detected 1 oom-kill event(s) in step 10862457.batch cgroup.
slurmstepd: error: get_exit_code task 0 died by signal
