start............................................
working directory is /global/cscratch1/sd/jcha9928/anal/ABCD/abcd_nersc_code
slurmstepd: error: *** JOB 10862154 ON nid01105 CANCELLED AT 2018-03-10T14:28:20 DUE TO TIME LIMIT ***
parallel: SIGTERM received. No new jobs will be started.
parallel: Waiting for these 173 jobs to finish. Send SIGTERM again to stop now.
parallel:  /global/cscratch1/sd/jcha9928/anal/ABCD//abcd_nersc_code/job/cmd.recon.sub-NDARINV09T2EBX4 > ./job/log.recon.sub-NDARINV09T2EBX4 2>&1 
parallel:  /global/cscratch1/sd/jcha9928/anal/ABCD//abcd_nersc_code/job/cmd.recon.sub-NDARINV7GCR03MF > ./job/log.recon.sub-NDARINV7GCR03MF 2>&1 
parallel:  /global/cscratch1/sd/jcha9928/anal/ABCD//abcd_nersc_code/job/cmd.recon.sub-NDARINVP0UWHEP8 > ./job/log.recon.sub-NDARINVP0UWHEP8 2>&1 
parallel:  /global/cscratch1/sd/jcha9928/anal/ABCD//abcd_nersc_code/job/cmd.recon.sub-NDARINVVPFWLP9R > ./job/log.recon.sub-NDARINVVPFWLP9R 2>&1 
parallel:  /global/cscratch1/sd/jcha9928/anal/ABCD//abcd_nersc_code/job/cmd.recon.sub-NDARINVYHRM6MHF > ./job/log.recon.sub-NDARINVYHRM6MHF 2>&1 
parallel:  /global/cscratch1/sd/jcha9928/anal/ABCD//abcd_nersc_code/job/cmd.recon.sub-NDARINV9UW3YHRB > ./job/log.recon.sub-NDARINV9UW3YHRB 2>&1 
parallel:  /global/cscratch1/sd/jcha9928/anal/ABCD//abcd_nersc_code/job/cmd.recon.sub-NDARINV190GWDVP > ./job/log.recon.sub-NDARINV190GWDVP 2>&1 
parallel:  /global/cscratch1/sd/jcha9928/anal/ABCD//abcd_nersc_code/job/cmd.recon.sub-NDARINVMPYDULNW > ./job/log.recon.sub-NDARINVMPYDULNW 2>&1 
parallel:  /global/cscratch1/sd/jcha9928/anal/ABCD//abcd_nersc_code/job/cmd.recon.sub-NDARINVKYJCM061 > ./job/log.recon.sub-NDARINVKYJCM061 2>&1 
parallel:  /global/cscratch1/sd/jcha9928/anal/ABCD//abcd_nersc_code/job/cmd.recon.sub-NDARINV5X8TYY0W > ./job/log.recon.sub-NDARINV5X8TYY0W 2>&1 
parallel:  /global/cscratch1/sd/jcha9928/anal/ABCD//abcd_nersc_code/job/cmd.recon.sub-NDARINVPV9AKNCF > ./job/log.recon.sub-NDARINVPV9AKNCF 2>&1 
parallel:  /global/cscratch1/sd/jcha9928/anal/ABCD//abcd_nersc_code/job/cmd.recon.sub-NDARINVE63CUYZW > ./job/log.recon.sub-NDARINVE63CUYZW 2>&1 
parallel:  /global/cscratch1/sd/jcha9928/anal/ABCD//abcd_nersc_code/job/cmd.recon.sub-NDARINVWFN7K4C5 > ./job/log.recon.sub-NDARINVWFN7K4C5 2>&1 
parallel:  /global/cscratch1/sd/jcha9928/anal/ABCD//abcd_nersc_code/job/cmd.recon.sub-NDARINVXGWM6XC8 > ./job/log.recon.sub-NDARINVXGWM6XC8 2>&1 
parallel:  /global/cscratch1/sd/jcha9928/anal/ABCD//abcd_nersc_code/job/cmd.recon.sub-NDARINV7239K1HB > ./job/log.recon.sub-NDARINV7239K1HB 2>&1 
parallel:  /global/cscratch1/sd/jcha9928/anal/ABCD//abcd_nersc_code/job/cmd.recon.sub-NDARINVU7CWXB8U > ./job/log.recon.sub-NDARINVU7CWXB8U 2>&1 
parallel:  /global/cscratch1/sd/jcha9928/anal/ABCD//abcd_nersc_code/job/cmd.recon.sub-NDARINV0C1ED337 > ./job/log.recon.sub-NDARINV0C1ED337 2>&1 
parallel:  /global/cscratch1/sd/jcha9928/anal/ABCD//abcd_nersc_code/job/cmd.recon.sub-NDARINV35UXPP43 > ./job/log.recon.sub-NDARINV35UXPP43 2>&1 
parallel:  /global/cscratch1/sd/jcha9928/anal/ABCD//abcd_nersc_code/job/cmd.recon.sub-NDARINV4ET3VY02 > ./job/log.recon.sub-NDARINV4ET3VY02 2>&1 
parallel:  /global/cscratch1/sd/jcha9928/anal/ABCD//abcd_nersc_code/job/cmd.recon.sub-NDARINV6L7B1GX3 > ./job/log.recon.sub-NDARINV6L7B1GX3 2>&1 
parallel:  /global/cscratch1/sd/jcha9928/anal/ABCD//abcd_nersc_code/job/cmd.recon.sub-NDARINVUXMACPNB > ./job/log.recon.sub-NDARINVUXMACPNB 2>&1 
parallel:  /global/cscratch1/sd/jcha9928/anal/ABCD//abcd_nersc_code/job/cmd.recon.sub-NDARINVMW03YLYP > ./job/log.recon.sub-NDARINVMW03YLYP 2>&1 
parallel:  /global/cscratch1/sd/jcha9928/anal/ABCD//abcd_nersc_code/job/cmd.recon.sub-NDARINVRDM1L34M > ./job/log.recon.sub-NDARINVRDM1L34M 2>&1 
parallel:  /global/cscratch1/sd/jcha9928/anal/ABCD//abcd_nersc_code/job/cmd.recon.sub-NDARINVE3V8C4N5 > ./job/log.recon.sub-NDARINVE3V8C4N5 2>&1 
parallel:  /global/cscratch1/sd/jcha9928/anal/ABCD//abcd_nersc_code/job/cmd.recon.sub-NDARINVNY9E48W0 > ./job/log.recon.sub-NDARINVNY9E48W0 2>&1 
parallel:  /global/cscratch1/sd/jcha9928/anal/ABCD//abcd_nersc_code/job/cmd.recon.sub-NDARINVNX6KVGNJ > ./job/log.recon.sub-NDARINVNX6KVGNJ 2>&1 
parallel:  /global/cscratch1/sd/jcha9928/anal/ABCD//abcd_nersc_code/job/cmd.recon.sub-NDARINVED9YFTFB > ./job/log.recon.sub-NDARINVED9YFTFB 2>&1 
parallel:  /global/cscratch1/sd/jcha9928/anal/ABCD//abcd_nersc_code/job/cmd.recon.sub-NDARINV6XTE4VEF > ./job/log.recon.sub-NDARINV6XTE4VEF 2>&1 
parallel:  /global/cscratch1/sd/jcha9928/anal/ABCD//abcd_nersc_code/job/cmd.recon.sub-NDARINV1ERNH60J > ./job/log.recon.sub-NDARINV1ERNH60J 2>&1 
parallel:  /global/cscratch1/sd/jcha9928/anal/ABCD//abcd_nersc_code/job/cmd.recon.sub-NDARINV2CTVWFH6 > ./job/log.recon.sub-NDARINV2CTVWFH6 2>&1 
parallel:  /global/cscratch1/sd/jcha9928/anal/ABCD//abcd_nersc_code/job/cmd.recon.sub-NDARINVZEV3PCPL > ./job/log.recon.sub-NDARINVZEV3PCPL 2>&1 
parallel:  /global/cscratch1/sd/jcha9928/anal/ABCD//abcd_nersc_code/job/cmd.recon.sub-NDARINVMKBN011Z > ./job/log.recon.sub-NDARINVMKBN011Z 2>&1 
parallel:  /global/cscratch1/sd/jcha9928/anal/ABCD//abcd_nersc_code/job/cmd.recon.sub-NDARINVALY5B82T > ./job/log.recon.sub-NDARINVALY5B82T 2>&1 
parallel:  /global/cscratch1/sd/jcha9928/anal/ABCD//abcd_nersc_code/job/cmd.recon.sub-NDARINV5V6LPP6X > ./job/log.recon.sub-NDARINV5V6LPP6X 2>&1 
parallel:  /global/cscratch1/sd/jcha9928/anal/ABCD//abcd_nersc_code/job/cmd.recon.sub-NDARINVY4FZKKCZ > ./job/log.recon.sub-NDARINVY4FZKKCZ 2>&1 
parallel:  /global/cscratch1/sd/jcha9928/anal/ABCD//abcd_nersc_code/job/cmd.recon.sub-NDARINVXXT5GG73 > ./job/log.recon.sub-NDARINVXXT5GG73 2>&1 
parallel:  /global/cscratch1/sd/jcha9928/anal/ABCD//abcd_nersc_code/job/cmd.recon.sub-NDARINV40GZ9MTA > ./job/log.recon.sub-NDARINV40GZ9MTA 2>&1 
parallel:  /global/cscratch1/sd/jcha9928/anal/ABCD//abcd_nersc_code/job/cmd.recon.sub-NDARINV3YBDL5L3 > ./job/log.recon.sub-NDARINV3YBDL5L3 2>&1 
parallel:  /global/cscratch1/sd/jcha9928/anal/ABCD//abcd_nersc_code/job/cmd.recon.sub-NDARINVPPY8DZG0 > ./job/log.recon.sub-NDARINVPPY8DZG0 2>&1 
parallel:  /global/cscratch1/sd/jcha9928/anal/ABCD//abcd_nersc_code/job/cmd.recon.sub-NDARINV1JW5HLBW > ./job/log.recon.sub-NDARINV1JW5HLBW 2>&1 
parallel:  /global/cscratch1/sd/jcha9928/anal/ABCD//abcd_nersc_code/job/cmd.recon.sub-NDARINV4UYK50KN > ./job/log.recon.sub-NDARINV4UYK50KN 2>&1 
parallel:  /global/cscratch1/sd/jcha9928/anal/ABCD//abcd_nersc_code/job/cmd.recon.sub-NDARINVMVF87GGA > ./job/log.recon.sub-NDARINVMVF87GGA 2>&1 
parallel:  /global/cscratch1/sd/jcha9928/anal/ABCD//abcd_nersc_code/job/cmd.recon.sub-NDARINVMTHF6N0P > ./job/log.recon.sub-NDARINVMTHF6N0P 2>&1 
parallel:  /global/cscratch1/sd/jcha9928/anal/ABCD//abcd_nersc_code/job/cmd.recon.sub-NDARINV6F2ZB4BH > ./job/log.recon.sub-NDARINV6F2ZB4BH 2>&1 
parallel:  /global/cscratch1/sd/jcha9928/anal/ABCD//abcd_nersc_code/job/cmd.recon.sub-NDARINVEP6DZX2M > ./job/log.recon.sub-NDARINVEP6DZX2M 2>&1 
parallel:  /global/cscratch1/sd/jcha9928/anal/ABCD//abcd_nersc_code/job/cmd.recon.sub-NDARINVN9EX2F1A > ./job/log.recon.sub-NDARINVN9EX2F1A 2>&1 
parallel:  /global/cscratch1/sd/jcha9928/anal/ABCD//abcd_nersc_code/job/cmd.recon.sub-NDARINVJZJK5N4L > ./job/log.recon.sub-NDARINVJZJK5N4L 2>&1 
parallel:  /global/cscratch1/sd/jcha9928/anal/ABCD//abcd_nersc_code/job/cmd.recon.sub-NDARINVHLC0KBEC > ./job/log.recon.sub-NDARINVHLC0KBEC 2>&1 
parallel:  /global/cscratch1/sd/jcha9928/anal/ABCD//abcd_nersc_code/job/cmd.recon.sub-NDARINV6LJL1R97 > ./job/log.recon.sub-NDARINV6LJL1R97 2>&1 
parallel:  /global/cscratch1/sd/jcha9928/anal/ABCD//abcd_nersc_code/job/cmd.recon.sub-NDARINVX1CRAW22 > ./job/log.recon.sub-NDARINVX1CRAW22 2>&1 
parallel:  /global/cscratch1/sd/jcha9928/anal/ABCD//abcd_nersc_code/job/cmd.recon.sub-NDARINV8E597FU6 > ./job/log.recon.sub-NDARINV8E597FU6 2>&1 
parallel:  /global/cscratch1/sd/jcha9928/anal/ABCD//abcd_nersc_code/job/cmd.recon.sub-NDARINVJTWZXR3M > ./job/log.recon.sub-NDARINVJTWZXR3M 2>&1 
parallel:  /global/cscratch1/sd/jcha9928/anal/ABCD//abcd_nersc_code/job/cmd.recon.sub-NDARINVFYK5K5G7 > ./job/log.recon.sub-NDARINVFYK5K5G7 2>&1 
parallel:  /global/cscratch1/sd/jcha9928/anal/ABCD//abcd_nersc_code/job/cmd.recon.sub-NDARINVPNF8BAGH > ./job/log.recon.sub-NDARINVPNF8BAGH 2>&1 
parallel:  /global/cscratch1/sd/jcha9928/anal/ABCD//abcd_nersc_code/job/cmd.recon.sub-NDARINVM7LL5JGJ > ./job/log.recon.sub-NDARINVM7LL5JGJ 2>&1 
parallel:  /global/cscratch1/sd/jcha9928/anal/ABCD//abcd_nersc_code/job/cmd.recon.sub-NDARINVM7V41Z3J > ./job/log.recon.sub-NDARINVM7V41Z3J 2>&1 
parallel:  /global/cscratch1/sd/jcha9928/anal/ABCD//abcd_nersc_code/job/cmd.recon.sub-NDARINVD8B8HNN7 > ./job/log.recon.sub-NDARINVD8B8HNN7 2>&1 
parallel:  /global/cscratch1/sd/jcha9928/anal/ABCD//abcd_nersc_code/job/cmd.recon.sub-NDARINVZK4B9G7W > ./job/log.recon.sub-NDARINVZK4B9G7W 2>&1 
parallel:  /global/cscratch1/sd/jcha9928/anal/ABCD//abcd_nersc_code/job/cmd.recon.sub-NDARINVE30MYZ4J > ./job/log.recon.sub-NDARINVE30MYZ4J 2>&1 
parallel:  /global/cscratch1/sd/jcha9928/anal/ABCD//abcd_nersc_code/job/cmd.recon.sub-NDARINVTFFA4ZV9 > ./job/log.recon.sub-NDARINVTFFA4ZV9 2>&1 
parallel:  /global/cscratch1/sd/jcha9928/anal/ABCD//abcd_nersc_code/job/cmd.recon.sub-NDARINVNNNG8Z3V > ./job/log.recon.sub-NDARINVNNNG8Z3V 2>&1 
parallel:  /global/cscratch1/sd/jcha9928/anal/ABCD//abcd_nersc_code/job/cmd.recon.sub-NDARINVR09UG23J > ./job/log.recon.sub-NDARINVR09UG23J 2>&1 
parallel:  /global/cscratch1/sd/jcha9928/anal/ABCD//abcd_nersc_code/job/cmd.recon.sub-NDARINVZJKN66UT > ./job/log.recon.sub-NDARINVZJKN66UT 2>&1 
parallel:  /global/cscratch1/sd/jcha9928/anal/ABCD//abcd_nersc_code/job/cmd.recon.sub-NDARINVY0M8DA4H > ./job/log.recon.sub-NDARINVY0M8DA4H 2>&1 
parallel:  /global/cscratch1/sd/jcha9928/anal/ABCD//abcd_nersc_code/job/cmd.recon.sub-NDARINVU7KXR08V > ./job/log.recon.sub-NDARINVU7KXR08V 2>&1 
parallel:  /global/cscratch1/sd/jcha9928/anal/ABCD//abcd_nersc_code/job/cmd.recon.sub-NDARINV14UJARAJ > ./job/log.recon.sub-NDARINV14UJARAJ 2>&1 
parallel:  /global/cscratch1/sd/jcha9928/anal/ABCD//abcd_nersc_code/job/cmd.recon.sub-NDARINV3JUUH0FL > ./job/log.recon.sub-NDARINV3JUUH0FL 2>&1 
parallel:  /global/cscratch1/sd/jcha9928/anal/ABCD//abcd_nersc_code/job/cmd.recon.sub-NDARINVZVNYXUNB > ./job/log.recon.sub-NDARINVZVNYXUNB 2>&1 
parallel:  /global/cscratch1/sd/jcha9928/anal/ABCD//abcd_nersc_code/job/cmd.recon.sub-NDARINVZ0A9V1XA > ./job/log.recon.sub-NDARINVZ0A9V1XA 2>&1 
parallel:  /global/cscratch1/sd/jcha9928/anal/ABCD//abcd_nersc_code/job/cmd.recon.sub-NDARINVJFNE6XKX > ./job/log.recon.sub-NDARINVJFNE6XKX 2>&1 
parallel:  /global/cscratch1/sd/jcha9928/anal/ABCD//abcd_nersc_code/job/cmd.recon.sub-NDARINVU1GL60CG > ./job/log.recon.sub-NDARINVU1GL60CG 2>&1 
parallel:  /global/cscratch1/sd/jcha9928/anal/ABCD//abcd_nersc_code/job/cmd.recon.sub-NDARINVCVUJ1RDN > ./job/log.recon.sub-NDARINVCVUJ1RDN 2>&1 
parallel:  /global/cscratch1/sd/jcha9928/anal/ABCD//abcd_nersc_code/job/cmd.recon.sub-NDARINVYN1N2HYA > ./job/log.recon.sub-NDARINVYN1N2HYA 2>&1 
parallel:  /global/cscratch1/sd/jcha9928/anal/ABCD//abcd_nersc_code/job/cmd.recon.sub-NDARINV8K944C76 > ./job/log.recon.sub-NDARINV8K944C76 2>&1 
parallel:  /global/cscratch1/sd/jcha9928/anal/ABCD//abcd_nersc_code/job/cmd.recon.sub-NDARINVAZY0D7JP > ./job/log.recon.sub-NDARINVAZY0D7JP 2>&1 
parallel:  /global/cscratch1/sd/jcha9928/anal/ABCD//abcd_nersc_code/job/cmd.recon.sub-NDARINV31JMTLE9 > ./job/log.recon.sub-NDARINV31JMTLE9 2>&1 
parallel:  /global/cscratch1/sd/jcha9928/anal/ABCD//abcd_nersc_code/job/cmd.recon.sub-NDARINVWU30WE1X > ./job/log.recon.sub-NDARINVWU30WE1X 2>&1 
parallel:  /global/cscratch1/sd/jcha9928/anal/ABCD//abcd_nersc_code/job/cmd.recon.sub-NDARINVAJU25405 > ./job/log.recon.sub-NDARINVAJU25405 2>&1 
parallel:  /global/cscratch1/sd/jcha9928/anal/ABCD//abcd_nersc_code/job/cmd.recon.sub-NDARINVBZBW11DL > ./job/log.recon.sub-NDARINVBZBW11DL 2>&1 
parallel:  /global/cscratch1/sd/jcha9928/anal/ABCD//abcd_nersc_code/job/cmd.recon.sub-NDARINVAW7EWP69 > ./job/log.recon.sub-NDARINVAW7EWP69 2>&1 
parallel:  /global/cscratch1/sd/jcha9928/anal/ABCD//abcd_nersc_code/job/cmd.recon.sub-NDARINV9XZMNP0M > ./job/log.recon.sub-NDARINV9XZMNP0M 2>&1 
parallel:  /global/cscratch1/sd/jcha9928/anal/ABCD//abcd_nersc_code/job/cmd.recon.sub-NDARINVCTLNR3G6 > ./job/log.recon.sub-NDARINVCTLNR3G6 2>&1 
parallel:  /global/cscratch1/sd/jcha9928/anal/ABCD//abcd_nersc_code/job/cmd.recon.sub-NDARINVZEYJBE3G > ./job/log.recon.sub-NDARINVZEYJBE3G 2>&1 
parallel:  /global/cscratch1/sd/jcha9928/anal/ABCD//abcd_nersc_code/job/cmd.recon.sub-NDARINV4WE1U83T > ./job/log.recon.sub-NDARINV4WE1U83T 2>&1 
parallel:  /global/cscratch1/sd/jcha9928/anal/ABCD//abcd_nersc_code/job/cmd.recon.sub-NDARINVFK4HG4H6 > ./job/log.recon.sub-NDARINVFK4HG4H6 2>&1 
parallel:  /global/cscratch1/sd/jcha9928/anal/ABCD//abcd_nersc_code/job/cmd.recon.sub-NDARINV0J6UAD2Y > ./job/log.recon.sub-NDARINV0J6UAD2Y 2>&1 
parallel:  /global/cscratch1/sd/jcha9928/anal/ABCD//abcd_nersc_code/job/cmd.recon.sub-NDARINV5VD5LWH4 > ./job/log.recon.sub-NDARINV5VD5LWH4 2>&1 
parallel:  /global/cscratch1/sd/jcha9928/anal/ABCD//abcd_nersc_code/job/cmd.recon.sub-NDARINVRF0K5LV7 > ./job/log.recon.sub-NDARINVRF0K5LV7 2>&1 
parallel:  /global/cscratch1/sd/jcha9928/anal/ABCD//abcd_nersc_code/job/cmd.recon.sub-NDARINVRXN9H1J6 > ./job/log.recon.sub-NDARINVRXN9H1J6 2>&1 
parallel:  /global/cscratch1/sd/jcha9928/anal/ABCD//abcd_nersc_code/job/cmd.recon.sub-NDARINVTV8G8UHT > ./job/log.recon.sub-NDARINVTV8G8UHT 2>&1 
parallel:  /global/cscratch1/sd/jcha9928/anal/ABCD//abcd_nersc_code/job/cmd.recon.sub-NDARINV9K39VXKE > ./job/log.recon.sub-NDARINV9K39VXKE 2>&1 
parallel:  /global/cscratch1/sd/jcha9928/anal/ABCD//abcd_nersc_code/job/cmd.recon.sub-NDARINVHX7F3H02 > ./job/log.recon.sub-NDARINVHX7F3H02 2>&1 
parallel:  /global/cscratch1/sd/jcha9928/anal/ABCD//abcd_nersc_code/job/cmd.recon.sub-NDARINV1R7RYN1P > ./job/log.recon.sub-NDARINV1R7RYN1P 2>&1 
parallel:  /global/cscratch1/sd/jcha9928/anal/ABCD//abcd_nersc_code/job/cmd.recon.sub-NDARINV7XMA6BG5 > ./job/log.recon.sub-NDARINV7XMA6BG5 2>&1 
parallel:  /global/cscratch1/sd/jcha9928/anal/ABCD//abcd_nersc_code/job/cmd.recon.sub-NDARINV704JUD94 > ./job/log.recon.sub-NDARINV704JUD94 2>&1 
parallel:  /global/cscratch1/sd/jcha9928/anal/ABCD//abcd_nersc_code/job/cmd.recon.sub-NDARINVUVW9DC8Y > ./job/log.recon.sub-NDARINVUVW9DC8Y 2>&1 
parallel:  /global/cscratch1/sd/jcha9928/anal/ABCD//abcd_nersc_code/job/cmd.recon.sub-NDARINV4MPM83XL > ./job/log.recon.sub-NDARINV4MPM83XL 2>&1 
parallel:  /global/cscratch1/sd/jcha9928/anal/ABCD//abcd_nersc_code/job/cmd.recon.sub-NDARINV1Y1Z29D0 > ./job/log.recon.sub-NDARINV1Y1Z29D0 2>&1 
parallel:  /global/cscratch1/sd/jcha9928/anal/ABCD//abcd_nersc_code/job/cmd.recon.sub-NDARINVV1Z15TXB > ./job/log.recon.sub-NDARINVV1Z15TXB 2>&1 
parallel:  /global/cscratch1/sd/jcha9928/anal/ABCD//abcd_nersc_code/job/cmd.recon.sub-NDARINV1R36G2UH > ./job/log.recon.sub-NDARINV1R36G2UH 2>&1 
parallel:  /global/cscratch1/sd/jcha9928/anal/ABCD//abcd_nersc_code/job/cmd.recon.sub-NDARINVBU2E2YDP > ./job/log.recon.sub-NDARINVBU2E2YDP 2>&1 
parallel:  /global/cscratch1/sd/jcha9928/anal/ABCD//abcd_nersc_code/job/cmd.recon.sub-NDARINVN8WMY397 > ./job/log.recon.sub-NDARINVN8WMY397 2>&1 
parallel:  /global/cscratch1/sd/jcha9928/anal/ABCD//abcd_nersc_code/job/cmd.recon.sub-NDARINVHV3CWUXR > ./job/log.recon.sub-NDARINVHV3CWUXR 2>&1 
parallel:  /global/cscratch1/sd/jcha9928/anal/ABCD//abcd_nersc_code/job/cmd.recon.sub-NDARINV8MC7B79X > ./job/log.recon.sub-NDARINV8MC7B79X 2>&1 
parallel:  /global/cscratch1/sd/jcha9928/anal/ABCD//abcd_nersc_code/job/cmd.recon.sub-NDARINVKWF4ZB2F > ./job/log.recon.sub-NDARINVKWF4ZB2F 2>&1 
parallel:  /global/cscratch1/sd/jcha9928/anal/ABCD//abcd_nersc_code/job/cmd.recon.sub-NDARINVL1FAK49Y > ./job/log.recon.sub-NDARINVL1FAK49Y 2>&1 
parallel:  /global/cscratch1/sd/jcha9928/anal/ABCD//abcd_nersc_code/job/cmd.recon.sub-NDARINVNUWHUFKV > ./job/log.recon.sub-NDARINVNUWHUFKV 2>&1 
parallel:  /global/cscratch1/sd/jcha9928/anal/ABCD//abcd_nersc_code/job/cmd.recon.sub-NDARINVZXKWKTC7 > ./job/log.recon.sub-NDARINVZXKWKTC7 2>&1 
parallel:  /global/cscratch1/sd/jcha9928/anal/ABCD//abcd_nersc_code/job/cmd.recon.sub-NDARINVX747V39Y > ./job/log.recon.sub-NDARINVX747V39Y 2>&1 
parallel:  /global/cscratch1/sd/jcha9928/anal/ABCD//abcd_nersc_code/job/cmd.recon.sub-NDARINVVNVXNELX > ./job/log.recon.sub-NDARINVVNVXNELX 2>&1 
parallel:  /global/cscratch1/sd/jcha9928/anal/ABCD//abcd_nersc_code/job/cmd.recon.sub-NDARINVL7GB4EN0 > ./job/log.recon.sub-NDARINVL7GB4EN0 2>&1 
parallel:  /global/cscratch1/sd/jcha9928/anal/ABCD//abcd_nersc_code/job/cmd.recon.sub-NDARINV03XVEBPM > ./job/log.recon.sub-NDARINV03XVEBPM 2>&1 
parallel:  /global/cscratch1/sd/jcha9928/anal/ABCD//abcd_nersc_code/job/cmd.recon.sub-NDARINVKCU1HRMA > ./job/log.recon.sub-NDARINVKCU1HRMA 2>&1 
parallel:  /global/cscratch1/sd/jcha9928/anal/ABCD//abcd_nersc_code/job/cmd.recon.sub-NDARINVWKV26ZEY > ./job/log.recon.sub-NDARINVWKV26ZEY 2>&1 
parallel:  /global/cscratch1/sd/jcha9928/anal/ABCD//abcd_nersc_code/job/cmd.recon.sub-NDARINV4NVN1B5J > ./job/log.recon.sub-NDARINV4NVN1B5J 2>&1 
parallel:  /global/cscratch1/sd/jcha9928/anal/ABCD//abcd_nersc_code/job/cmd.recon.sub-NDARINVWL0A1EAZ > ./job/log.recon.sub-NDARINVWL0A1EAZ 2>&1 
parallel:  /global/cscratch1/sd/jcha9928/anal/ABCD//abcd_nersc_code/job/cmd.recon.sub-NDARINV6MH7AY14 > ./job/log.recon.sub-NDARINV6MH7AY14 2>&1 
parallel:  /global/cscratch1/sd/jcha9928/anal/ABCD//abcd_nersc_code/job/cmd.recon.sub-NDARINVGX2KR8D2 > ./job/log.recon.sub-NDARINVGX2KR8D2 2>&1 
parallel:  /global/cscratch1/sd/jcha9928/anal/ABCD//abcd_nersc_code/job/cmd.recon.sub-NDARINV592319RL > ./job/log.recon.sub-NDARINV592319RL 2>&1 
parallel:  /global/cscratch1/sd/jcha9928/anal/ABCD//abcd_nersc_code/job/cmd.recon.sub-NDARINVAZVG2FEC > ./job/log.recon.sub-NDARINVAZVG2FEC 2>&1 
parallel:  /global/cscratch1/sd/jcha9928/anal/ABCD//abcd_nersc_code/job/cmd.recon.sub-NDARINV6J9EV4DL > ./job/log.recon.sub-NDARINV6J9EV4DL 2>&1 
parallel:  /global/cscratch1/sd/jcha9928/anal/ABCD//abcd_nersc_code/job/cmd.recon.sub-NDARINVPCV7FMWH > ./job/log.recon.sub-NDARINVPCV7FMWH 2>&1 
parallel:  /global/cscratch1/sd/jcha9928/anal/ABCD//abcd_nersc_code/job/cmd.recon.sub-NDARINV193D4YEK > ./job/log.recon.sub-NDARINV193D4YEK 2>&1 
parallel:  /global/cscratch1/sd/jcha9928/anal/ABCD//abcd_nersc_code/job/cmd.recon.sub-NDARINVPUXXH60T > ./job/log.recon.sub-NDARINVPUXXH60T 2>&1 
parallel:  /global/cscratch1/sd/jcha9928/anal/ABCD//abcd_nersc_code/job/cmd.recon.sub-NDARINVPGMJMWUZ > ./job/log.recon.sub-NDARINVPGMJMWUZ 2>&1 
parallel:  /global/cscratch1/sd/jcha9928/anal/ABCD//abcd_nersc_code/job/cmd.recon.sub-NDARINV9WFYVL1U > ./job/log.recon.sub-NDARINV9WFYVL1U 2>&1 
parallel:  /global/cscratch1/sd/jcha9928/anal/ABCD//abcd_nersc_code/job/cmd.recon.sub-NDARINVMA0MXL96 > ./job/log.recon.sub-NDARINVMA0MXL96 2>&1 
parallel:  /global/cscratch1/sd/jcha9928/anal/ABCD//abcd_nersc_code/job/cmd.recon.sub-NDARINVR5KUTX3Y > ./job/log.recon.sub-NDARINVR5KUTX3Y 2>&1 
parallel:  /global/cscratch1/sd/jcha9928/anal/ABCD//abcd_nersc_code/job/cmd.recon.sub-NDARINVVGNCVUXB > ./job/log.recon.sub-NDARINVVGNCVUXB 2>&1 
parallel:  /global/cscratch1/sd/jcha9928/anal/ABCD//abcd_nersc_code/job/cmd.recon.sub-NDARINVWC7XWTUD > ./job/log.recon.sub-NDARINVWC7XWTUD 2>&1 
parallel:  /global/cscratch1/sd/jcha9928/anal/ABCD//abcd_nersc_code/job/cmd.recon.sub-NDARINVN394NEWK > ./job/log.recon.sub-NDARINVN394NEWK 2>&1 
parallel:  /global/cscratch1/sd/jcha9928/anal/ABCD//abcd_nersc_code/job/cmd.recon.sub-NDARINVEK7BN7Y4 > ./job/log.recon.sub-NDARINVEK7BN7Y4 2>&1 
parallel:  /global/cscratch1/sd/jcha9928/anal/ABCD//abcd_nersc_code/job/cmd.recon.sub-NDARINVRZL7PGK1 > ./job/log.recon.sub-NDARINVRZL7PGK1 2>&1 
parallel:  /global/cscratch1/sd/jcha9928/anal/ABCD//abcd_nersc_code/job/cmd.recon.sub-NDARINV7J9K5U1L > ./job/log.recon.sub-NDARINV7J9K5U1L 2>&1 
parallel:  /global/cscratch1/sd/jcha9928/anal/ABCD//abcd_nersc_code/job/cmd.recon.sub-NDARINV8W2HU9CN > ./job/log.recon.sub-NDARINV8W2HU9CN 2>&1 
parallel:  /global/cscratch1/sd/jcha9928/anal/ABCD//abcd_nersc_code/job/cmd.recon.sub-NDARINVG2P3W364 > ./job/log.recon.sub-NDARINVG2P3W364 2>&1 
parallel:  /global/cscratch1/sd/jcha9928/anal/ABCD//abcd_nersc_code/job/cmd.recon.sub-NDARINV306EC6TP > ./job/log.recon.sub-NDARINV306EC6TP 2>&1 
parallel:  /global/cscratch1/sd/jcha9928/anal/ABCD//abcd_nersc_code/job/cmd.recon.sub-NDARINV7Z1KL0E5 > ./job/log.recon.sub-NDARINV7Z1KL0E5 2>&1 
parallel:  /global/cscratch1/sd/jcha9928/anal/ABCD//abcd_nersc_code/job/cmd.recon.sub-NDARINVZCNK7B3X > ./job/log.recon.sub-NDARINVZCNK7B3X 2>&1 
parallel:  /global/cscratch1/sd/jcha9928/anal/ABCD//abcd_nersc_code/job/cmd.recon.sub-NDARINVYEM9LW83 > ./job/log.recon.sub-NDARINVYEM9LW83 2>&1 
parallel:  /global/cscratch1/sd/jcha9928/anal/ABCD//abcd_nersc_code/job/cmd.recon.sub-NDARINVBLGYX1M4 > ./job/log.recon.sub-NDARINVBLGYX1M4 2>&1 
parallel:  /global/cscratch1/sd/jcha9928/anal/ABCD//abcd_nersc_code/job/cmd.recon.sub-NDARINVPWCF8X4C > ./job/log.recon.sub-NDARINVPWCF8X4C 2>&1 
parallel:  /global/cscratch1/sd/jcha9928/anal/ABCD//abcd_nersc_code/job/cmd.recon.sub-NDARINVPNUWHMJP > ./job/log.recon.sub-NDARINVPNUWHMJP 2>&1 
parallel:  /global/cscratch1/sd/jcha9928/anal/ABCD//abcd_nersc_code/job/cmd.recon.sub-NDARINVX362LD83 > ./job/log.recon.sub-NDARINVX362LD83 2>&1 
parallel:  /global/cscratch1/sd/jcha9928/anal/ABCD//abcd_nersc_code/job/cmd.recon.sub-NDARINVXEDFAC1L > ./job/log.recon.sub-NDARINVXEDFAC1L 2>&1 
parallel:  /global/cscratch1/sd/jcha9928/anal/ABCD//abcd_nersc_code/job/cmd.recon.sub-NDARINVFN5R8C4D > ./job/log.recon.sub-NDARINVFN5R8C4D 2>&1 
parallel:  /global/cscratch1/sd/jcha9928/anal/ABCD//abcd_nersc_code/job/cmd.recon.sub-NDARINVH7HP2LFX > ./job/log.recon.sub-NDARINVH7HP2LFX 2>&1 
parallel:  /global/cscratch1/sd/jcha9928/anal/ABCD//abcd_nersc_code/job/cmd.recon.sub-NDARINV578DB0G5 > ./job/log.recon.sub-NDARINV578DB0G5 2>&1 
parallel:  /global/cscratch1/sd/jcha9928/anal/ABCD//abcd_nersc_code/job/cmd.recon.sub-NDARINVHAD1KFV7 > ./job/log.recon.sub-NDARINVHAD1KFV7 2>&1 
parallel:  /global/cscratch1/sd/jcha9928/anal/ABCD//abcd_nersc_code/job/cmd.recon.sub-NDARINVT185D4UD > ./job/log.recon.sub-NDARINVT185D4UD 2>&1 
parallel:  /global/cscratch1/sd/jcha9928/anal/ABCD//abcd_nersc_code/job/cmd.recon.sub-NDARINVV2ZZ7DMV > ./job/log.recon.sub-NDARINVV2ZZ7DMV 2>&1 
parallel:  /global/cscratch1/sd/jcha9928/anal/ABCD//abcd_nersc_code/job/cmd.recon.sub-NDARINVX5TYFUMN > ./job/log.recon.sub-NDARINVX5TYFUMN 2>&1 
parallel:  /global/cscratch1/sd/jcha9928/anal/ABCD//abcd_nersc_code/job/cmd.recon.sub-NDARINVCTH2AK0B > ./job/log.recon.sub-NDARINVCTH2AK0B 2>&1 
parallel:  /global/cscratch1/sd/jcha9928/anal/ABCD//abcd_nersc_code/job/cmd.recon.sub-NDARINVB08C0TZH > ./job/log.recon.sub-NDARINVB08C0TZH 2>&1 
parallel:  /global/cscratch1/sd/jcha9928/anal/ABCD//abcd_nersc_code/job/cmd.recon.sub-NDARINVMBVX3LHF > ./job/log.recon.sub-NDARINVMBVX3LHF 2>&1 
parallel:  /global/cscratch1/sd/jcha9928/anal/ABCD//abcd_nersc_code/job/cmd.recon.sub-NDARINVZ0FPZPLP > ./job/log.recon.sub-NDARINVZ0FPZPLP 2>&1 
parallel:  /global/cscratch1/sd/jcha9928/anal/ABCD//abcd_nersc_code/job/cmd.recon.sub-NDARINV0F78WV5U > ./job/log.recon.sub-NDARINV0F78WV5U 2>&1 
parallel:  /global/cscratch1/sd/jcha9928/anal/ABCD//abcd_nersc_code/job/cmd.recon.sub-NDARINVTWU5RFVX > ./job/log.recon.sub-NDARINVTWU5RFVX 2>&1 
parallel:  /global/cscratch1/sd/jcha9928/anal/ABCD//abcd_nersc_code/job/cmd.recon.sub-NDARINVWMYX7H7U > ./job/log.recon.sub-NDARINVWMYX7H7U 2>&1 
parallel:  /global/cscratch1/sd/jcha9928/anal/ABCD//abcd_nersc_code/job/cmd.recon.sub-NDARINVCPAB62JD > ./job/log.recon.sub-NDARINVCPAB62JD 2>&1 
parallel:  /global/cscratch1/sd/jcha9928/anal/ABCD//abcd_nersc_code/job/cmd.recon.sub-NDARINVV7LAD2MF > ./job/log.recon.sub-NDARINVV7LAD2MF 2>&1 
parallel:  /global/cscratch1/sd/jcha9928/anal/ABCD//abcd_nersc_code/job/cmd.recon.sub-NDARINVZ6X7VT6J > ./job/log.recon.sub-NDARINVZ6X7VT6J 2>&1 
parallel:  /global/cscratch1/sd/jcha9928/anal/ABCD//abcd_nersc_code/job/cmd.recon.sub-NDARINVVGBGVFYF > ./job/log.recon.sub-NDARINVVGBGVFYF 2>&1 
parallel:  /global/cscratch1/sd/jcha9928/anal/ABCD//abcd_nersc_code/job/cmd.recon.sub-NDARINVHJX5CM4N > ./job/log.recon.sub-NDARINVHJX5CM4N 2>&1 
parallel:  /global/cscratch1/sd/jcha9928/anal/ABCD//abcd_nersc_code/job/cmd.recon.sub-NDARINVRAZRBGAL > ./job/log.recon.sub-NDARINVRAZRBGAL 2>&1 
parallel:  /global/cscratch1/sd/jcha9928/anal/ABCD//abcd_nersc_code/job/cmd.recon.sub-NDARINVKP8W0VHU > ./job/log.recon.sub-NDARINVKP8W0VHU 2>&1 
parallel:  /global/cscratch1/sd/jcha9928/anal/ABCD//abcd_nersc_code/job/cmd.recon.sub-NDARINV3VAXZUWK > ./job/log.recon.sub-NDARINV3VAXZUWK 2>&1 
parallel:  /global/cscratch1/sd/jcha9928/anal/ABCD//abcd_nersc_code/job/cmd.recon.sub-NDARINVZPEYC15U > ./job/log.recon.sub-NDARINVZPEYC15U 2>&1 
parallel:  /global/cscratch1/sd/jcha9928/anal/ABCD//abcd_nersc_code/job/cmd.recon.sub-NDARINVWM0HJKFC > ./job/log.recon.sub-NDARINVWM0HJKFC 2>&1 
parallel:  /global/cscratch1/sd/jcha9928/anal/ABCD//abcd_nersc_code/job/cmd.recon.sub-NDARINVFNH524U3 > ./job/log.recon.sub-NDARINVFNH524U3 2>&1 
parallel:  /global/cscratch1/sd/jcha9928/anal/ABCD//abcd_nersc_code/job/cmd.recon.sub-NDARINV1Y2L6GWB > ./job/log.recon.sub-NDARINV1Y2L6GWB 2>&1 
parallel:  /global/cscratch1/sd/jcha9928/anal/ABCD//abcd_nersc_code/job/cmd.recon.sub-NDARINVB3L1EM9T > ./job/log.recon.sub-NDARINVB3L1EM9T 2>&1 
parallel:  /global/cscratch1/sd/jcha9928/anal/ABCD//abcd_nersc_code/job/cmd.recon.sub-NDARINVGXLA7YG5 > ./job/log.recon.sub-NDARINVGXLA7YG5 2>&1 
