start............................................
working directory is /global/cscratch1/sd/jcha9928/anal/ABCD/abcd_nersc_code
/var/spool/slurmd/job10985681/slurm_script: line 861: 39916 Aborted                 srun -N 1 -n 1 --cpu_bind=threads /global/cscratch1/sd/jcha9928/anal/ABCD/abcd_nersc_code/job/cmd.recon.sub-NDARINV66TNJAWV > /global/cscratch1/sd/jcha9928/anal/ABCD/abcd_nersc_code/job/log.recon.sub-NDARINV66TNJAWV 2>&1
/var/spool/slurmd/job10985681/slurm_script: line 863: 39922 Aborted                 srun -N 1 -n 1 --cpu_bind=threads /global/cscratch1/sd/jcha9928/anal/ABCD/abcd_nersc_code/job/cmd.recon.sub-NDARINV6790DE8Z > /global/cscratch1/sd/jcha9928/anal/ABCD/abcd_nersc_code/job/log.recon.sub-NDARINV6790DE8Z 2>&1
/var/spool/slurmd/job10985681/slurm_script: line 865: 39929 Aborted                 srun -N 1 -n 1 --cpu_bind=threads /global/cscratch1/sd/jcha9928/anal/ABCD/abcd_nersc_code/job/cmd.recon.sub-NDARINV67CCUNV4 > /global/cscratch1/sd/jcha9928/anal/ABCD/abcd_nersc_code/job/log.recon.sub-NDARINV67CCUNV4 2>&1
/var/spool/slurmd/job10985681/slurm_script: line 867: 39935 Aborted                 srun -N 1 -n 1 --cpu_bind=threads /global/cscratch1/sd/jcha9928/anal/ABCD/abcd_nersc_code/job/cmd.recon.sub-NDARINV67G76XVR > /global/cscratch1/sd/jcha9928/anal/ABCD/abcd_nersc_code/job/log.recon.sub-NDARINV67G76XVR 2>&1
/var/spool/slurmd/job10985681/slurm_script: line 869: 39942 Aborted                 srun -N 1 -n 1 --cpu_bind=threads /global/cscratch1/sd/jcha9928/anal/ABCD/abcd_nersc_code/job/cmd.recon.sub-NDARINV67GRP56R > /global/cscratch1/sd/jcha9928/anal/ABCD/abcd_nersc_code/job/log.recon.sub-NDARINV67GRP56R 2>&1
/var/spool/slurmd/job10985681/slurm_script: line 871: 39948 Aborted                 srun -N 1 -n 1 --cpu_bind=threads /global/cscratch1/sd/jcha9928/anal/ABCD/abcd_nersc_code/job/cmd.recon.sub-NDARINV67J2H4Y1 > /global/cscratch1/sd/jcha9928/anal/ABCD/abcd_nersc_code/job/log.recon.sub-NDARINV67J2H4Y1 2>&1
/var/spool/slurmd/job10985681/slurm_script: line 873: 39955 Aborted                 srun -N 1 -n 1 --cpu_bind=threads /global/cscratch1/sd/jcha9928/anal/ABCD/abcd_nersc_code/job/cmd.recon.sub-NDARINV67W1B7DK > /global/cscratch1/sd/jcha9928/anal/ABCD/abcd_nersc_code/job/log.recon.sub-NDARINV67W1B7DK 2>&1
/var/spool/slurmd/job10985681/slurm_script: line 875: 39961 Aborted                 srun -N 1 -n 1 --cpu_bind=threads /global/cscratch1/sd/jcha9928/anal/ABCD/abcd_nersc_code/job/cmd.recon.sub-NDARINV68K18L17 > /global/cscratch1/sd/jcha9928/anal/ABCD/abcd_nersc_code/job/log.recon.sub-NDARINV68K18L17 2>&1
/var/spool/slurmd/job10985681/slurm_script: line 881: 39971 Aborted                 srun -N 1 -n 1 --cpu_bind=threads /global/cscratch1/sd/jcha9928/anal/ABCD/abcd_nersc_code/job/cmd.recon.sub-NDARINV68V7T6T1 > /global/cscratch1/sd/jcha9928/anal/ABCD/abcd_nersc_code/job/log.recon.sub-NDARINV68V7T6T1 2>&1
/var/spool/slurmd/job10985681/slurm_script: line 883: 39968 Aborted                 srun -N 1 -n 1 --cpu_bind=threads /global/cscratch1/sd/jcha9928/anal/ABCD/abcd_nersc_code/job/cmd.recon.sub-NDARINV68L0WZRB > /global/cscratch1/sd/jcha9928/anal/ABCD/abcd_nersc_code/job/log.recon.sub-NDARINV68L0WZRB 2>&1
/var/spool/slurmd/job10985681/slurm_script: line 883: 39975 Aborted                 srun -N 1 -n 1 --cpu_bind=threads /global/cscratch1/sd/jcha9928/anal/ABCD/abcd_nersc_code/job/cmd.recon.sub-NDARINV68WXH24G > /global/cscratch1/sd/jcha9928/anal/ABCD/abcd_nersc_code/job/log.recon.sub-NDARINV68WXH24G 2>&1
/var/spool/slurmd/job10985681/slurm_script: line 887: 39980 Aborted                 srun -N 1 -n 1 --cpu_bind=threads /global/cscratch1/sd/jcha9928/anal/ABCD/abcd_nersc_code/job/cmd.recon.sub-NDARINV69EDG4B6 > /global/cscratch1/sd/jcha9928/anal/ABCD/abcd_nersc_code/job/log.recon.sub-NDARINV69EDG4B6 2>&1
/var/spool/slurmd/job10985681/slurm_script: line 887: 39985 Aborted                 srun -N 1 -n 1 --cpu_bind=threads /global/cscratch1/sd/jcha9928/anal/ABCD/abcd_nersc_code/job/cmd.recon.sub-NDARINV69MBGCB3 > /global/cscratch1/sd/jcha9928/anal/ABCD/abcd_nersc_code/job/log.recon.sub-NDARINV69MBGCB3 2>&1
/var/spool/slurmd/job10985681/slurm_script: line 887: 39988 Aborted                 srun -N 1 -n 1 --cpu_bind=threads /global/cscratch1/sd/jcha9928/anal/ABCD/abcd_nersc_code/job/cmd.recon.sub-NDARINV69NJR4DR > /global/cscratch1/sd/jcha9928/anal/ABCD/abcd_nersc_code/job/log.recon.sub-NDARINV69NJR4DR 2>&1
/var/spool/slurmd/job10985681/slurm_script: line 893: 39996 Aborted                 srun -N 1 -n 1 --cpu_bind=threads /global/cscratch1/sd/jcha9928/anal/ABCD/abcd_nersc_code/job/cmd.recon.sub-NDARINV69W6GH2W > /global/cscratch1/sd/jcha9928/anal/ABCD/abcd_nersc_code/job/log.recon.sub-NDARINV69W6GH2W 2>&1
/var/spool/slurmd/job10985681/slurm_script: line 893: 40001 Aborted                 srun -N 1 -n 1 --cpu_bind=threads /global/cscratch1/sd/jcha9928/anal/ABCD/abcd_nersc_code/job/cmd.recon.sub-NDARINV6A2D8DTU > /global/cscratch1/sd/jcha9928/anal/ABCD/abcd_nersc_code/job/log.recon.sub-NDARINV6A2D8DTU 2>&1
/var/spool/slurmd/job10985681/slurm_script: line 893: 40005 Aborted                 srun -N 1 -n 1 --cpu_bind=threads /global/cscratch1/sd/jcha9928/anal/ABCD/abcd_nersc_code/job/cmd.recon.sub-NDARINV6AP3YFJV > /global/cscratch1/sd/jcha9928/anal/ABCD/abcd_nersc_code/job/log.recon.sub-NDARINV6AP3YFJV 2>&1
/var/spool/slurmd/job10985681/slurm_script: line 897: 37510 Aborted                 srun -N 1 -n 1 --cpu_bind=threads /global/cscratch1/sd/jcha9928/anal/ABCD/abcd_nersc_code/job/cmd.recon.sub-NDARINV3XKBVA63 > /global/cscratch1/sd/jcha9928/anal/ABCD/abcd_nersc_code/job/log.recon.sub-NDARINV3XKBVA63 2>&1
/var/spool/slurmd/job10985681/slurm_script: line 897: 37513 Aborted                 srun -N 1 -n 1 --cpu_bind=threads /global/cscratch1/sd/jcha9928/anal/ABCD/abcd_nersc_code/job/cmd.recon.sub-NDARINV3XL11J4W > /global/cscratch1/sd/jcha9928/anal/ABCD/abcd_nersc_code/job/log.recon.sub-NDARINV3XL11J4W 2>&1
/var/spool/slurmd/job10985681/slurm_script: line 897: 37517 Aborted                 srun -N 1 -n 1 --cpu_bind=threads /global/cscratch1/sd/jcha9928/anal/ABCD/abcd_nersc_code/job/cmd.recon.sub-NDARINV3XM1RJF0 > /global/cscratch1/sd/jcha9928/anal/ABCD/abcd_nersc_code/job/log.recon.sub-NDARINV3XM1RJF0 2>&1
/var/spool/slurmd/job10985681/slurm_script: line 897: 37520 Aborted                 srun -N 1 -n 1 --cpu_bind=threads /global/cscratch1/sd/jcha9928/anal/ABCD/abcd_nersc_code/job/cmd.recon.sub-NDARINV3XVWEYUY > /global/cscratch1/sd/jcha9928/anal/ABCD/abcd_nersc_code/job/log.recon.sub-NDARINV3XVWEYUY 2>&1
/var/spool/slurmd/job10985681/slurm_script: line 897: 37524 Aborted                 srun -N 1 -n 1 --cpu_bind=threads /global/cscratch1/sd/jcha9928/anal/ABCD/abcd_nersc_code/job/cmd.recon.sub-NDARINV3XW4NJJV > /global/cscratch1/sd/jcha9928/anal/ABCD/abcd_nersc_code/job/log.recon.sub-NDARINV3XW4NJJV 2>&1
/var/spool/slurmd/job10985681/slurm_script: line 897: 37527 Aborted                 srun -N 1 -n 1 --cpu_bind=threads /global/cscratch1/sd/jcha9928/anal/ABCD/abcd_nersc_code/job/cmd.recon.sub-NDARINV3Y3PK677 > /global/cscratch1/sd/jcha9928/anal/ABCD/abcd_nersc_code/job/log.recon.sub-NDARINV3Y3PK677 2>&1
/var/spool/slurmd/job10985681/slurm_script: line 897: 37531 Aborted                 srun -N 1 -n 1 --cpu_bind=threads /global/cscratch1/sd/jcha9928/anal/ABCD/abcd_nersc_code/job/cmd.recon.sub-NDARINV3Y5UF4TX > /global/cscratch1/sd/jcha9928/anal/ABCD/abcd_nersc_code/job/log.recon.sub-NDARINV3Y5UF4TX 2>&1
/var/spool/slurmd/job10985681/slurm_script: line 897: 40011 Aborted                 srun -N 1 -n 1 --cpu_bind=threads /global/cscratch1/sd/jcha9928/anal/ABCD/abcd_nersc_code/job/cmd.recon.sub-NDARINV6AR47APF > /global/cscratch1/sd/jcha9928/anal/ABCD/abcd_nersc_code/job/log.recon.sub-NDARINV6AR47APF 2>&1
/var/spool/slurmd/job10985681/slurm_script: line 897: 40015 Aborted                 srun -N 1 -n 1 --cpu_bind=threads /global/cscratch1/sd/jcha9928/anal/ABCD/abcd_nersc_code/job/cmd.recon.sub-NDARINV6AR8A46Z > /global/cscratch1/sd/jcha9928/anal/ABCD/abcd_nersc_code/job/log.recon.sub-NDARINV6AR8A46Z 2>&1
/var/spool/slurmd/job10985681/slurm_script: line 901: 40040 Aborted                 srun -N 1 -n 1 --cpu_bind=threads /global/cscratch1/sd/jcha9928/anal/ABCD/abcd_nersc_code/job/cmd.recon.sub-NDARINV6BAW7VRX > /global/cscratch1/sd/jcha9928/anal/ABCD/abcd_nersc_code/job/log.recon.sub-NDARINV6BAW7VRX 2>&1
/var/spool/slurmd/job10985681/slurm_script: line 905: 40052 Aborted                 srun -N 1 -n 1 --cpu_bind=threads /global/cscratch1/sd/jcha9928/anal/ABCD/abcd_nersc_code/job/cmd.recon.sub-NDARINV6BB3VGEP > /global/cscratch1/sd/jcha9928/anal/ABCD/abcd_nersc_code/job/log.recon.sub-NDARINV6BB3VGEP 2>&1
/var/spool/slurmd/job10985681/slurm_script: line 907: 40068 Aborted                 srun -N 1 -n 1 --cpu_bind=threads /global/cscratch1/sd/jcha9928/anal/ABCD/abcd_nersc_code/job/cmd.recon.sub-NDARINV6BVVAY29 > /global/cscratch1/sd/jcha9928/anal/ABCD/abcd_nersc_code/job/log.recon.sub-NDARINV6BVVAY29 2>&1
/var/spool/slurmd/job10985681/slurm_script: line 909: 40072 Aborted                 srun -N 1 -n 1 --cpu_bind=threads /global/cscratch1/sd/jcha9928/anal/ABCD/abcd_nersc_code/job/cmd.recon.sub-NDARINV6CA2HNYJ > /global/cscratch1/sd/jcha9928/anal/ABCD/abcd_nersc_code/job/log.recon.sub-NDARINV6CA2HNYJ 2>&1
/var/spool/slurmd/job10985681/slurm_script: fork: retry: Resource temporarily unavailable
/var/spool/slurmd/job10985681/slurm_script: fork: retry: Resource temporarily unavailable
/var/spool/slurmd/job10985681/slurm_script: fork: retry: Resource temporarily unavailable
/var/spool/slurmd/job10985681/slurm_script: fork: retry: Resource temporarily unavailable
/var/spool/slurmd/job10985681/slurm_script: line 913: 40075 Aborted                 srun -N 1 -n 1 --cpu_bind=threads /global/cscratch1/sd/jcha9928/anal/ABCD/abcd_nersc_code/job/cmd.recon.sub-NDARINV6CG6LPAT > /global/cscratch1/sd/jcha9928/anal/ABCD/abcd_nersc_code/job/log.recon.sub-NDARINV6CG6LPAT 2>&1
/var/spool/slurmd/job10985681/slurm_script: line 913: 40079 Aborted                 srun -N 1 -n 1 --cpu_bind=threads /global/cscratch1/sd/jcha9928/anal/ABCD/abcd_nersc_code/job/cmd.recon.sub-NDARINV6CZ8A7P2 > /global/cscratch1/sd/jcha9928/anal/ABCD/abcd_nersc_code/job/log.recon.sub-NDARINV6CZ8A7P2 2>&1
/var/spool/slurmd/job10985681/slurm_script: line 915: 40113 Aborted                 srun -N 1 -n 1 --cpu_bind=threads /global/cscratch1/sd/jcha9928/anal/ABCD/abcd_nersc_code/job/cmd.recon.sub-NDARINV6D3TTBKJ > /global/cscratch1/sd/jcha9928/anal/ABCD/abcd_nersc_code/job/log.recon.sub-NDARINV6D3TTBKJ 2>&1
/var/spool/slurmd/job10985681/slurm_script: line 917: 40116 Aborted                 srun -N 1 -n 1 --cpu_bind=threads /global/cscratch1/sd/jcha9928/anal/ABCD/abcd_nersc_code/job/cmd.recon.sub-NDARINV6DYLLUU6 > /global/cscratch1/sd/jcha9928/anal/ABCD/abcd_nersc_code/job/log.recon.sub-NDARINV6DYLLUU6 2>&1
/var/spool/slurmd/job10985681/slurm_script: line 919: 40120 Aborted                 srun -N 1 -n 1 --cpu_bind=threads /global/cscratch1/sd/jcha9928/anal/ABCD/abcd_nersc_code/job/cmd.recon.sub-NDARINV6EJF2KCZ > /global/cscratch1/sd/jcha9928/anal/ABCD/abcd_nersc_code/job/log.recon.sub-NDARINV6EJF2KCZ 2>&1
/var/spool/slurmd/job10985681/slurm_script: line 921: 40161 Aborted                 srun -N 1 -n 1 --cpu_bind=threads /global/cscratch1/sd/jcha9928/anal/ABCD/abcd_nersc_code/job/cmd.recon.sub-NDARINV6ELMHVPX > /global/cscratch1/sd/jcha9928/anal/ABCD/abcd_nersc_code/job/log.recon.sub-NDARINV6ELMHVPX 2>&1
/var/spool/slurmd/job10985681/slurm_script: line 923: 40165 Aborted                 srun -N 1 -n 1 --cpu_bind=threads /global/cscratch1/sd/jcha9928/anal/ABCD/abcd_nersc_code/job/cmd.recon.sub-NDARINV6ETG8KHZ > /global/cscratch1/sd/jcha9928/anal/ABCD/abcd_nersc_code/job/log.recon.sub-NDARINV6ETG8KHZ 2>&1
/var/spool/slurmd/job10985681/slurm_script: fork: retry: Resource temporarily unavailable
/var/spool/slurmd/job10985681/slurm_script: fork: retry: Resource temporarily unavailable
/var/spool/slurmd/job10985681/slurm_script: fork: retry: Resource temporarily unavailable
/var/spool/slurmd/job10985681/slurm_script: line 927: 40168 Aborted                 srun -N 1 -n 1 --cpu_bind=threads /global/cscratch1/sd/jcha9928/anal/ABCD/abcd_nersc_code/job/cmd.recon.sub-NDARINV6F1LPHLT > /global/cscratch1/sd/jcha9928/anal/ABCD/abcd_nersc_code/job/log.recon.sub-NDARINV6F1LPHLT 2>&1
/var/spool/slurmd/job10985681/slurm_script: line 927: 40172 Aborted                 srun -N 1 -n 1 --cpu_bind=threads /global/cscratch1/sd/jcha9928/anal/ABCD/abcd_nersc_code/job/cmd.recon.sub-NDARINV6FGUTK6K > /global/cscratch1/sd/jcha9928/anal/ABCD/abcd_nersc_code/job/log.recon.sub-NDARINV6FGUTK6K 2>&1
/var/spool/slurmd/job10985681/slurm_script: line 929: 40179 Aborted                 srun -N 1 -n 1 --cpu_bind=threads /global/cscratch1/sd/jcha9928/anal/ABCD/abcd_nersc_code/job/cmd.recon.sub-NDARINV6FJ7M4F7 > /global/cscratch1/sd/jcha9928/anal/ABCD/abcd_nersc_code/job/log.recon.sub-NDARINV6FJ7M4F7 2>&1
/var/spool/slurmd/job10985681/slurm_script: line 931: 40182 Aborted                 srun -N 1 -n 1 --cpu_bind=threads /global/cscratch1/sd/jcha9928/anal/ABCD/abcd_nersc_code/job/cmd.recon.sub-NDARINV6G618RT0 > /global/cscratch1/sd/jcha9928/anal/ABCD/abcd_nersc_code/job/log.recon.sub-NDARINV6G618RT0 2>&1
/var/spool/slurmd/job10985681/slurm_script: line 933: 40186 Aborted                 srun -N 1 -n 1 --cpu_bind=threads /global/cscratch1/sd/jcha9928/anal/ABCD/abcd_nersc_code/job/cmd.recon.sub-NDARINV6G6L9NXY > /global/cscratch1/sd/jcha9928/anal/ABCD/abcd_nersc_code/job/log.recon.sub-NDARINV6G6L9NXY 2>&1
/var/spool/slurmd/job10985681/slurm_script: line 935: 40190 Aborted                 srun -N 1 -n 1 --cpu_bind=threads /global/cscratch1/sd/jcha9928/anal/ABCD/abcd_nersc_code/job/cmd.recon.sub-NDARINV6GLTPT5T > /global/cscratch1/sd/jcha9928/anal/ABCD/abcd_nersc_code/job/log.recon.sub-NDARINV6GLTPT5T 2>&1
/var/spool/slurmd/job10985681/slurm_script: line 937: 40194 Aborted                 srun -N 1 -n 1 --cpu_bind=threads /global/cscratch1/sd/jcha9928/anal/ABCD/abcd_nersc_code/job/cmd.recon.sub-NDARINV6HGWZFVC > /global/cscratch1/sd/jcha9928/anal/ABCD/abcd_nersc_code/job/log.recon.sub-NDARINV6HGWZFVC 2>&1
/var/spool/slurmd/job10985681/slurm_script: line 939: 40197 Aborted                 srun -N 1 -n 1 --cpu_bind=threads /global/cscratch1/sd/jcha9928/anal/ABCD/abcd_nersc_code/job/cmd.recon.sub-NDARINV6HTEC707 > /global/cscratch1/sd/jcha9928/anal/ABCD/abcd_nersc_code/job/log.recon.sub-NDARINV6HTEC707 2>&1
/var/spool/slurmd/job10985681/slurm_script: line 941: 40201 Aborted                 srun -N 1 -n 1 --cpu_bind=threads /global/cscratch1/sd/jcha9928/anal/ABCD/abcd_nersc_code/job/cmd.recon.sub-NDARINV6HZWUM71 > /global/cscratch1/sd/jcha9928/anal/ABCD/abcd_nersc_code/job/log.recon.sub-NDARINV6HZWUM71 2>&1
/var/spool/slurmd/job10985681/slurm_script: line 943: 40204 Aborted                 srun -N 1 -n 1 --cpu_bind=threads /global/cscratch1/sd/jcha9928/anal/ABCD/abcd_nersc_code/job/cmd.recon.sub-NDARINV6JAHU3DT > /global/cscratch1/sd/jcha9928/anal/ABCD/abcd_nersc_code/job/log.recon.sub-NDARINV6JAHU3DT 2>&1
/var/spool/slurmd/job10985681/slurm_script: line 945: 40208 Aborted                 srun -N 1 -n 1 --cpu_bind=threads /global/cscratch1/sd/jcha9928/anal/ABCD/abcd_nersc_code/job/cmd.recon.sub-NDARINV6JF8WUYT > /global/cscratch1/sd/jcha9928/anal/ABCD/abcd_nersc_code/job/log.recon.sub-NDARINV6JF8WUYT 2>&1
/var/spool/slurmd/job10985681/slurm_script: fork: retry: Resource temporarily unavailable
/var/spool/slurmd/job10985681/slurm_script: fork: retry: Resource temporarily unavailable
/var/spool/slurmd/job10985681/slurm_script: line 949: 40211 Aborted                 srun -N 1 -n 1 --cpu_bind=threads /global/cscratch1/sd/jcha9928/anal/ABCD/abcd_nersc_code/job/cmd.recon.sub-NDARINV6JFY5LBB > /global/cscratch1/sd/jcha9928/anal/ABCD/abcd_nersc_code/job/log.recon.sub-NDARINV6JFY5LBB 2>&1
/var/spool/slurmd/job10985681/slurm_script: line 949: 40215 Aborted                 srun -N 1 -n 1 --cpu_bind=threads /global/cscratch1/sd/jcha9928/anal/ABCD/abcd_nersc_code/job/cmd.recon.sub-NDARINV6JJBMHZL > /global/cscratch1/sd/jcha9928/anal/ABCD/abcd_nersc_code/job/log.recon.sub-NDARINV6JJBMHZL 2>&1
/var/spool/slurmd/job10985681/slurm_script: line 951: 40221 Aborted                 srun -N 1 -n 1 --cpu_bind=threads /global/cscratch1/sd/jcha9928/anal/ABCD/abcd_nersc_code/job/cmd.recon.sub-NDARINV6JJFGCTX > /global/cscratch1/sd/jcha9928/anal/ABCD/abcd_nersc_code/job/log.recon.sub-NDARINV6JJFGCTX 2>&1
/var/spool/slurmd/job10985681/slurm_script: fork: retry: Resource temporarily unavailable
/var/spool/slurmd/job10985681/slurm_script: fork: retry: Resource temporarily unavailable
/var/spool/slurmd/job10985681/slurm_script: line 955: 40224 Aborted                 srun -N 1 -n 1 --cpu_bind=threads /global/cscratch1/sd/jcha9928/anal/ABCD/abcd_nersc_code/job/cmd.recon.sub-NDARINV6KEGPJ6J > /global/cscratch1/sd/jcha9928/anal/ABCD/abcd_nersc_code/job/log.recon.sub-NDARINV6KEGPJ6J 2>&1
/var/spool/slurmd/job10985681/slurm_script: line 955: 40228 Aborted                 srun -N 1 -n 1 --cpu_bind=threads /global/cscratch1/sd/jcha9928/anal/ABCD/abcd_nersc_code/job/cmd.recon.sub-NDARINV6KL1B4H0 > /global/cscratch1/sd/jcha9928/anal/ABCD/abcd_nersc_code/job/log.recon.sub-NDARINV6KL1B4H0 2>&1
/var/spool/slurmd/job10985681/slurm_script: fork: retry: Resource temporarily unavailable
/var/spool/slurmd/job10985681/slurm_script: fork: retry: Resource temporarily unavailable
/var/spool/slurmd/job10985681/slurm_script: line 959: 40233 Aborted                 srun -N 1 -n 1 --cpu_bind=threads /global/cscratch1/sd/jcha9928/anal/ABCD/abcd_nersc_code/job/cmd.recon.sub-NDARINV6KW88EPW > /global/cscratch1/sd/jcha9928/anal/ABCD/abcd_nersc_code/job/log.recon.sub-NDARINV6KW88EPW 2>&1
/var/spool/slurmd/job10985681/slurm_script: line 959: 40236 Aborted                 srun -N 1 -n 1 --cpu_bind=threads /global/cscratch1/sd/jcha9928/anal/ABCD/abcd_nersc_code/job/cmd.recon.sub-NDARINV6KYWMEB4 > /global/cscratch1/sd/jcha9928/anal/ABCD/abcd_nersc_code/job/log.recon.sub-NDARINV6KYWMEB4 2>&1
/var/spool/slurmd/job10985681/slurm_script: line 961: 40242 Aborted                 srun -N 1 -n 1 --cpu_bind=threads /global/cscratch1/sd/jcha9928/anal/ABCD/abcd_nersc_code/job/cmd.recon.sub-NDARINV6KZ6GTEJ > /global/cscratch1/sd/jcha9928/anal/ABCD/abcd_nersc_code/job/log.recon.sub-NDARINV6KZ6GTEJ 2>&1
/var/spool/slurmd/job10985681/slurm_script: line 963: 40246 Aborted                 srun -N 1 -n 1 --cpu_bind=threads /global/cscratch1/sd/jcha9928/anal/ABCD/abcd_nersc_code/job/cmd.recon.sub-NDARINV6LPGM9UU > /global/cscratch1/sd/jcha9928/anal/ABCD/abcd_nersc_code/job/log.recon.sub-NDARINV6LPGM9UU 2>&1
/var/spool/slurmd/job10985681/slurm_script: line 965: 40249 Aborted                 srun -N 1 -n 1 --cpu_bind=threads /global/cscratch1/sd/jcha9928/anal/ABCD/abcd_nersc_code/job/cmd.recon.sub-NDARINV6LR7XBTB > /global/cscratch1/sd/jcha9928/anal/ABCD/abcd_nersc_code/job/log.recon.sub-NDARINV6LR7XBTB 2>&1
/var/spool/slurmd/job10985681/slurm_script: line 967: 40253 Aborted                 srun -N 1 -n 1 --cpu_bind=threads /global/cscratch1/sd/jcha9928/anal/ABCD/abcd_nersc_code/job/cmd.recon.sub-NDARINV6M1Y11R0 > /global/cscratch1/sd/jcha9928/anal/ABCD/abcd_nersc_code/job/log.recon.sub-NDARINV6M1Y11R0 2>&1
/var/spool/slurmd/job10985681/slurm_script: line 969: 40256 Aborted                 srun -N 1 -n 1 --cpu_bind=threads /global/cscratch1/sd/jcha9928/anal/ABCD/abcd_nersc_code/job/cmd.recon.sub-NDARINV6M531U7A > /global/cscratch1/sd/jcha9928/anal/ABCD/abcd_nersc_code/job/log.recon.sub-NDARINV6M531U7A 2>&1
/var/spool/slurmd/job10985681/slurm_script: line 971: 40260 Aborted                 srun -N 1 -n 1 --cpu_bind=threads /global/cscratch1/sd/jcha9928/anal/ABCD/abcd_nersc_code/job/cmd.recon.sub-NDARINV6MDP38L0 > /global/cscratch1/sd/jcha9928/anal/ABCD/abcd_nersc_code/job/log.recon.sub-NDARINV6MDP38L0 2>&1
/var/spool/slurmd/job10985681/slurm_script: line 973: 40263 Aborted                 srun -N 1 -n 1 --cpu_bind=threads /global/cscratch1/sd/jcha9928/anal/ABCD/abcd_nersc_code/job/cmd.recon.sub-NDARINV6MDZCZBV > /global/cscratch1/sd/jcha9928/anal/ABCD/abcd_nersc_code/job/log.recon.sub-NDARINV6MDZCZBV 2>&1
/var/spool/slurmd/job10985681/slurm_script: line 975: 40267 Aborted                 srun -N 1 -n 1 --cpu_bind=threads /global/cscratch1/sd/jcha9928/anal/ABCD/abcd_nersc_code/job/cmd.recon.sub-NDARINV6NLC9UXB > /global/cscratch1/sd/jcha9928/anal/ABCD/abcd_nersc_code/job/log.recon.sub-NDARINV6NLC9UXB 2>&1
/var/spool/slurmd/job10985681/slurm_script: line 977: 40270 Aborted                 srun -N 1 -n 1 --cpu_bind=threads /global/cscratch1/sd/jcha9928/anal/ABCD/abcd_nersc_code/job/cmd.recon.sub-NDARINV6NM33PV7 > /global/cscratch1/sd/jcha9928/anal/ABCD/abcd_nersc_code/job/log.recon.sub-NDARINV6NM33PV7 2>&1
/var/spool/slurmd/job10985681/slurm_script: line 979: 40274 Aborted                 srun -N 1 -n 1 --cpu_bind=threads /global/cscratch1/sd/jcha9928/anal/ABCD/abcd_nersc_code/job/cmd.recon.sub-NDARINV6PUUHUTG > /global/cscratch1/sd/jcha9928/anal/ABCD/abcd_nersc_code/job/log.recon.sub-NDARINV6PUUHUTG 2>&1
/var/spool/slurmd/job10985681/slurm_script: line 981: 40277 Aborted                 srun -N 1 -n 1 --cpu_bind=threads /global/cscratch1/sd/jcha9928/anal/ABCD/abcd_nersc_code/job/cmd.recon.sub-NDARINV6PX8VT24 > /global/cscratch1/sd/jcha9928/anal/ABCD/abcd_nersc_code/job/log.recon.sub-NDARINV6PX8VT24 2>&1
/var/spool/slurmd/job10985681/slurm_script: fork: retry: Resource temporarily unavailable
/var/spool/slurmd/job10985681/slurm_script: fork: retry: Resource temporarily unavailable
/var/spool/slurmd/job10985681/slurm_script: fork: retry: Resource temporarily unavailable
/var/spool/slurmd/job10985681/slurm_script: line 985: 40281 Aborted                 srun -N 1 -n 1 --cpu_bind=threads /global/cscratch1/sd/jcha9928/anal/ABCD/abcd_nersc_code/job/cmd.recon.sub-NDARINV6R35KCYL > /global/cscratch1/sd/jcha9928/anal/ABCD/abcd_nersc_code/job/log.recon.sub-NDARINV6R35KCYL 2>&1
/var/spool/slurmd/job10985681/slurm_script: fork: retry: Resource temporarily unavailable
/var/spool/slurmd/job10985681/slurm_script: fork: retry: Resource temporarily unavailable
/var/spool/slurmd/job10985681/slurm_script: line 987: 40284 Aborted                 srun -N 1 -n 1 --cpu_bind=threads /global/cscratch1/sd/jcha9928/anal/ABCD/abcd_nersc_code/job/cmd.recon.sub-NDARINV6R8YX29J > /global/cscratch1/sd/jcha9928/anal/ABCD/abcd_nersc_code/job/log.recon.sub-NDARINV6R8YX29J 2>&1
/var/spool/slurmd/job10985681/slurm_script: line 987: 40291 Aborted                 srun -N 1 -n 1 --cpu_bind=threads /global/cscratch1/sd/jcha9928/anal/ABCD/abcd_nersc_code/job/cmd.recon.sub-NDARINV6R9H00F3 > /global/cscratch1/sd/jcha9928/anal/ABCD/abcd_nersc_code/job/log.recon.sub-NDARINV6R9H00F3 2>&1
/var/spool/slurmd/job10985681/slurm_script: line 989: 40296 Aborted                 srun -N 1 -n 1 --cpu_bind=threads /global/cscratch1/sd/jcha9928/anal/ABCD/abcd_nersc_code/job/cmd.recon.sub-NDARINV6RPBF276 > /global/cscratch1/sd/jcha9928/anal/ABCD/abcd_nersc_code/job/log.recon.sub-NDARINV6RPBF276 2>&1
/var/spool/slurmd/job10985681/slurm_script: fork: retry: Resource temporarily unavailable
/var/spool/slurmd/job10985681/slurm_script: fork: retry: Resource temporarily unavailable
/var/spool/slurmd/job10985681/slurm_script: fork: retry: Resource temporarily unavailable
/var/spool/slurmd/job10985681/slurm_script: line 993: 40300 Aborted                 srun -N 1 -n 1 --cpu_bind=threads /global/cscratch1/sd/jcha9928/anal/ABCD/abcd_nersc_code/job/cmd.recon.sub-NDARINV6TL940V1 > /global/cscratch1/sd/jcha9928/anal/ABCD/abcd_nersc_code/job/log.recon.sub-NDARINV6TL940V1 2>&1
/var/spool/slurmd/job10985681/slurm_script: line 993: 40303 Aborted                 srun -N 1 -n 1 --cpu_bind=threads /global/cscratch1/sd/jcha9928/anal/ABCD/abcd_nersc_code/job/cmd.recon.sub-NDARINV6TM6V4CG > /global/cscratch1/sd/jcha9928/anal/ABCD/abcd_nersc_code/job/log.recon.sub-NDARINV6TM6V4CG 2>&1
/var/spool/slurmd/job10985681/slurm_script: fork: retry: Resource temporarily unavailable
/var/spool/slurmd/job10985681/slurm_script: fork: retry: Resource temporarily unavailable
/var/spool/slurmd/job10985681/slurm_script: fork: retry: Resource temporarily unavailable
/var/spool/slurmd/job10985681/slurm_script: fork: retry: Resource temporarily unavailable
/var/spool/slurmd/job10985681/slurm_script: line 997: 40310 Aborted                 srun -N 1 -n 1 --cpu_bind=threads /global/cscratch1/sd/jcha9928/anal/ABCD/abcd_nersc_code/job/cmd.recon.sub-NDARINV6UH8VGPA > /global/cscratch1/sd/jcha9928/anal/ABCD/abcd_nersc_code/job/log.recon.sub-NDARINV6UH8VGPA 2>&1
/var/spool/slurmd/job10985681/slurm_script: line 997: 40314 Aborted                 srun -N 1 -n 1 --cpu_bind=threads /global/cscratch1/sd/jcha9928/anal/ABCD/abcd_nersc_code/job/cmd.recon.sub-NDARINV6UTCM96K > /global/cscratch1/sd/jcha9928/anal/ABCD/abcd_nersc_code/job/log.recon.sub-NDARINV6UTCM96K 2>&1
/var/spool/slurmd/job10985681/slurm_script: line 999: 40325 Aborted                 srun -N 1 -n 1 --cpu_bind=threads /global/cscratch1/sd/jcha9928/anal/ABCD/abcd_nersc_code/job/cmd.recon.sub-NDARINV6UU2L6YJ > /global/cscratch1/sd/jcha9928/anal/ABCD/abcd_nersc_code/job/log.recon.sub-NDARINV6UU2L6YJ 2>&1
/var/spool/slurmd/job10985681/slurm_script: line 1001: 40328 Aborted                 srun -N 1 -n 1 --cpu_bind=threads /global/cscratch1/sd/jcha9928/anal/ABCD/abcd_nersc_code/job/cmd.recon.sub-NDARINV6UWU0UNB > /global/cscratch1/sd/jcha9928/anal/ABCD/abcd_nersc_code/job/log.recon.sub-NDARINV6UWU0UNB 2>&1
/var/spool/slurmd/job10985681/slurm_script: line 1003: 40332 Aborted                 srun -N 1 -n 1 --cpu_bind=threads /global/cscratch1/sd/jcha9928/anal/ABCD/abcd_nersc_code/job/cmd.recon.sub-NDARINV6VFFYA3R > /global/cscratch1/sd/jcha9928/anal/ABCD/abcd_nersc_code/job/log.recon.sub-NDARINV6VFFYA3R 2>&1
/var/spool/slurmd/job10985681/slurm_script: line 1005: 40335 Aborted                 srun -N 1 -n 1 --cpu_bind=threads /global/cscratch1/sd/jcha9928/anal/ABCD/abcd_nersc_code/job/cmd.recon.sub-NDARINV6VN12UTG > /global/cscratch1/sd/jcha9928/anal/ABCD/abcd_nersc_code/job/log.recon.sub-NDARINV6VN12UTG 2>&1
/var/spool/slurmd/job10985681/slurm_script: fork: retry: Resource temporarily unavailable
/var/spool/slurmd/job10985681/slurm_script: fork: retry: Resource temporarily unavailable
/var/spool/slurmd/job10985681/slurm_script: fork: retry: Resource temporarily unavailable
/var/spool/slurmd/job10985681/slurm_script: line 1009: 40339 Aborted                 srun -N 1 -n 1 --cpu_bind=threads /global/cscratch1/sd/jcha9928/anal/ABCD/abcd_nersc_code/job/cmd.recon.sub-NDARINV6VT5M0AL > /global/cscratch1/sd/jcha9928/anal/ABCD/abcd_nersc_code/job/log.recon.sub-NDARINV6VT5M0AL 2>&1
/var/spool/slurmd/job10985681/slurm_script: line 1009: 40342 Aborted                 srun -N 1 -n 1 --cpu_bind=threads /global/cscratch1/sd/jcha9928/anal/ABCD/abcd_nersc_code/job/cmd.recon.sub-NDARINV6VUN0VRU > /global/cscratch1/sd/jcha9928/anal/ABCD/abcd_nersc_code/job/log.recon.sub-NDARINV6VUN0VRU 2>&1
/var/spool/slurmd/job10985681/slurm_script: fork: retry: Resource temporarily unavailable
/var/spool/slurmd/job10985681/slurm_script: fork: retry: Resource temporarily unavailable
/var/spool/slurmd/job10985681/slurm_script: fork: retry: Resource temporarily unavailable
/var/spool/slurmd/job10985681/slurm_script: fork: retry: Resource temporarily unavailable
/var/spool/slurmd/job10985681/slurm_script: line 1013: 40349 Aborted                 srun -N 1 -n 1 --cpu_bind=threads /global/cscratch1/sd/jcha9928/anal/ABCD/abcd_nersc_code/job/cmd.recon.sub-NDARINV6VZ1LB3J > /global/cscratch1/sd/jcha9928/anal/ABCD/abcd_nersc_code/job/log.recon.sub-NDARINV6VZ1LB3J 2>&1
/var/spool/slurmd/job10985681/slurm_script: line 1013: 40354 Aborted                 srun -N 1 -n 1 --cpu_bind=threads /global/cscratch1/sd/jcha9928/anal/ABCD/abcd_nersc_code/job/cmd.recon.sub-NDARINV6W30KJMZ > /global/cscratch1/sd/jcha9928/anal/ABCD/abcd_nersc_code/job/log.recon.sub-NDARINV6W30KJMZ 2>&1
/var/spool/slurmd/job10985681/slurm_script: fork: retry: Resource temporarily unavailable
/var/spool/slurmd/job10985681/slurm_script: fork: retry: Resource temporarily unavailable
/var/spool/slurmd/job10985681/slurm_script: fork: retry: Resource temporarily unavailable
/var/spool/slurmd/job10985681/slurm_script: line 1017: 40415 Aborted                 srun -N 1 -n 1 --cpu_bind=threads /global/cscratch1/sd/jcha9928/anal/ABCD/abcd_nersc_code/job/cmd.recon.sub-NDARINV6WV9X2KM > /global/cscratch1/sd/jcha9928/anal/ABCD/abcd_nersc_code/job/log.recon.sub-NDARINV6WV9X2KM 2>&1
/var/spool/slurmd/job10985681/slurm_script: line 1017: 40418 Aborted                 srun -N 1 -n 1 --cpu_bind=threads /global/cscratch1/sd/jcha9928/anal/ABCD/abcd_nersc_code/job/cmd.recon.sub-NDARINV6WXU5DEY > /global/cscratch1/sd/jcha9928/anal/ABCD/abcd_nersc_code/job/log.recon.sub-NDARINV6WXU5DEY 2>&1
/var/spool/slurmd/job10985681/slurm_script: line 1019: 40426 Aborted                 srun -N 1 -n 1 --cpu_bind=threads /global/cscratch1/sd/jcha9928/anal/ABCD/abcd_nersc_code/job/cmd.recon.sub-NDARINV6X4L1EPK > /global/cscratch1/sd/jcha9928/anal/ABCD/abcd_nersc_code/job/log.recon.sub-NDARINV6X4L1EPK 2>&1
/var/spool/slurmd/job10985681/slurm_script: line 1021: 40430 Aborted                 srun -N 1 -n 1 --cpu_bind=threads /global/cscratch1/sd/jcha9928/anal/ABCD/abcd_nersc_code/job/cmd.recon.sub-NDARINV6X9N1DLT > /global/cscratch1/sd/jcha9928/anal/ABCD/abcd_nersc_code/job/log.recon.sub-NDARINV6X9N1DLT 2>&1
/var/spool/slurmd/job10985681/slurm_script: line 1023: 40433 Aborted                 srun -N 1 -n 1 --cpu_bind=threads /global/cscratch1/sd/jcha9928/anal/ABCD/abcd_nersc_code/job/cmd.recon.sub-NDARINV6XE6J751 > /global/cscratch1/sd/jcha9928/anal/ABCD/abcd_nersc_code/job/log.recon.sub-NDARINV6XE6J751 2>&1
/var/spool/slurmd/job10985681/slurm_script: line 1025: 40437 Aborted                 srun -N 1 -n 1 --cpu_bind=threads /global/cscratch1/sd/jcha9928/anal/ABCD/abcd_nersc_code/job/cmd.recon.sub-NDARINV6XT4AD09 > /global/cscratch1/sd/jcha9928/anal/ABCD/abcd_nersc_code/job/log.recon.sub-NDARINV6XT4AD09 2>&1
/var/spool/slurmd/job10985681/slurm_script: line 1027: 40440 Aborted                 srun -N 1 -n 1 --cpu_bind=threads /global/cscratch1/sd/jcha9928/anal/ABCD/abcd_nersc_code/job/cmd.recon.sub-NDARINV6XTLR9MW > /global/cscratch1/sd/jcha9928/anal/ABCD/abcd_nersc_code/job/log.recon.sub-NDARINV6XTLR9MW 2>&1
/var/spool/slurmd/job10985681/slurm_script: line 1029: 40444 Aborted                 srun -N 1 -n 1 --cpu_bind=threads /global/cscratch1/sd/jcha9928/anal/ABCD/abcd_nersc_code/job/cmd.recon.sub-NDARINV6Y7D78GZ > /global/cscratch1/sd/jcha9928/anal/ABCD/abcd_nersc_code/job/log.recon.sub-NDARINV6Y7D78GZ 2>&1
/var/spool/slurmd/job10985681/slurm_script: line 1031: 40447 Aborted                 srun -N 1 -n 1 --cpu_bind=threads /global/cscratch1/sd/jcha9928/anal/ABCD/abcd_nersc_code/job/cmd.recon.sub-NDARINV6YFHHNGB > /global/cscratch1/sd/jcha9928/anal/ABCD/abcd_nersc_code/job/log.recon.sub-NDARINV6YFHHNGB 2>&1
/var/spool/slurmd/job10985681/slurm_script: line 1033: 40451 Aborted                 srun -N 1 -n 1 --cpu_bind=threads /global/cscratch1/sd/jcha9928/anal/ABCD/abcd_nersc_code/job/cmd.recon.sub-NDARINV6YP01DDF > /global/cscratch1/sd/jcha9928/anal/ABCD/abcd_nersc_code/job/log.recon.sub-NDARINV6YP01DDF 2>&1
/var/spool/slurmd/job10985681/slurm_script: line 1035: 40454 Aborted                 srun -N 1 -n 1 --cpu_bind=threads /global/cscratch1/sd/jcha9928/anal/ABCD/abcd_nersc_code/job/cmd.recon.sub-NDARINV6YVYFKU7 > /global/cscratch1/sd/jcha9928/anal/ABCD/abcd_nersc_code/job/log.recon.sub-NDARINV6YVYFKU7 2>&1
/var/spool/slurmd/job10985681/slurm_script: line 1037: 40458 Aborted                 srun -N 1 -n 1 --cpu_bind=threads /global/cscratch1/sd/jcha9928/anal/ABCD/abcd_nersc_code/job/cmd.recon.sub-NDARINV6ZNTXKJ1 > /global/cscratch1/sd/jcha9928/anal/ABCD/abcd_nersc_code/job/log.recon.sub-NDARINV6ZNTXKJ1 2>&1
/var/spool/slurmd/job10985681/slurm_script: line 1039: 40461 Aborted                 srun -N 1 -n 1 --cpu_bind=threads /global/cscratch1/sd/jcha9928/anal/ABCD/abcd_nersc_code/job/cmd.recon.sub-NDARINV6ZTLWMWW > /global/cscratch1/sd/jcha9928/anal/ABCD/abcd_nersc_code/job/log.recon.sub-NDARINV6ZTLWMWW 2>&1
/var/spool/slurmd/job10985681/slurm_script: line 1041: 40465 Aborted                 srun -N 1 -n 1 --cpu_bind=threads /global/cscratch1/sd/jcha9928/anal/ABCD/abcd_nersc_code/job/cmd.recon.sub-NDARINV70EJ1089 > /global/cscratch1/sd/jcha9928/anal/ABCD/abcd_nersc_code/job/log.recon.sub-NDARINV70EJ1089 2>&1
/var/spool/slurmd/job10985681/slurm_script: line 1043: 40468 Aborted                 srun -N 1 -n 1 --cpu_bind=threads /global/cscratch1/sd/jcha9928/anal/ABCD/abcd_nersc_code/job/cmd.recon.sub-NDARINV70FU58C1 > /global/cscratch1/sd/jcha9928/anal/ABCD/abcd_nersc_code/job/log.recon.sub-NDARINV70FU58C1 2>&1
/var/spool/slurmd/job10985681/slurm_script: line 1045: 40472 Aborted                 srun -N 1 -n 1 --cpu_bind=threads /global/cscratch1/sd/jcha9928/anal/ABCD/abcd_nersc_code/job/cmd.recon.sub-NDARINV71LY516E > /global/cscratch1/sd/jcha9928/anal/ABCD/abcd_nersc_code/job/log.recon.sub-NDARINV71LY516E 2>&1
/var/spool/slurmd/job10985681/slurm_script: line 1047: 40475 Aborted                 srun -N 1 -n 1 --cpu_bind=threads /global/cscratch1/sd/jcha9928/anal/ABCD/abcd_nersc_code/job/cmd.recon.sub-NDARINV71N5JHR2 > /global/cscratch1/sd/jcha9928/anal/ABCD/abcd_nersc_code/job/log.recon.sub-NDARINV71N5JHR2 2>&1
/var/spool/slurmd/job10985681/slurm_script: fork: retry: Resource temporarily unavailable
/var/spool/slurmd/job10985681/slurm_script: fork: retry: Resource temporarily unavailable
/var/spool/slurmd/job10985681/slurm_script: line 1051: 40479 Aborted                 srun -N 1 -n 1 --cpu_bind=threads /global/cscratch1/sd/jcha9928/anal/ABCD/abcd_nersc_code/job/cmd.recon.sub-NDARINV7203PRBW > /global/cscratch1/sd/jcha9928/anal/ABCD/abcd_nersc_code/job/log.recon.sub-NDARINV7203PRBW 2>&1
/var/spool/slurmd/job10985681/slurm_script: line 1051: 40482 Aborted                 srun -N 1 -n 1 --cpu_bind=threads /global/cscratch1/sd/jcha9928/anal/ABCD/abcd_nersc_code/job/cmd.recon.sub-NDARINV723AA4WA > /global/cscratch1/sd/jcha9928/anal/ABCD/abcd_nersc_code/job/log.recon.sub-NDARINV723AA4WA 2>&1
/var/spool/slurmd/job10985681/slurm_script: fork: retry: Resource temporarily unavailable
/var/spool/slurmd/job10985681/slurm_script: fork: retry: Resource temporarily unavailable
/var/spool/slurmd/job10985681/slurm_script: fork: retry: Resource temporarily unavailable
/var/spool/slurmd/job10985681/slurm_script: fork: retry: Resource temporarily unavailable
/var/spool/slurmd/job10985681/slurm_script: line 1055: 40487 Aborted                 srun -N 1 -n 1 --cpu_bind=threads /global/cscratch1/sd/jcha9928/anal/ABCD/abcd_nersc_code/job/cmd.recon.sub-NDARINV725NP8B2 > /global/cscratch1/sd/jcha9928/anal/ABCD/abcd_nersc_code/job/log.recon.sub-NDARINV725NP8B2 2>&1
/var/spool/slurmd/job10985681/slurm_script: line 1055: 40491 Aborted                 srun -N 1 -n 1 --cpu_bind=threads /global/cscratch1/sd/jcha9928/anal/ABCD/abcd_nersc_code/job/cmd.recon.sub-NDARINV7261JZGE > /global/cscratch1/sd/jcha9928/anal/ABCD/abcd_nersc_code/job/log.recon.sub-NDARINV7261JZGE 2>&1
/var/spool/slurmd/job10985681/slurm_script: line 1057: 40502 Aborted                 srun -N 1 -n 1 --cpu_bind=threads /global/cscratch1/sd/jcha9928/anal/ABCD/abcd_nersc_code/job/cmd.recon.sub-NDARINV72D5W9YN > /global/cscratch1/sd/jcha9928/anal/ABCD/abcd_nersc_code/job/log.recon.sub-NDARINV72D5W9YN 2>&1
/var/spool/slurmd/job10985681/slurm_script: line 1059: 40505 Aborted                 srun -N 1 -n 1 --cpu_bind=threads /global/cscratch1/sd/jcha9928/anal/ABCD/abcd_nersc_code/job/cmd.recon.sub-NDARINV72J2GA95 > /global/cscratch1/sd/jcha9928/anal/ABCD/abcd_nersc_code/job/log.recon.sub-NDARINV72J2GA95 2>&1
/var/spool/slurmd/job10985681/slurm_script: line 1061: 40509 Aborted                 srun -N 1 -n 1 --cpu_bind=threads /global/cscratch1/sd/jcha9928/anal/ABCD/abcd_nersc_code/job/cmd.recon.sub-NDARINV72MV78KG > /global/cscratch1/sd/jcha9928/anal/ABCD/abcd_nersc_code/job/log.recon.sub-NDARINV72MV78KG 2>&1
/var/spool/slurmd/job10985681/slurm_script: line 1063: 40512 Aborted                 srun -N 1 -n 1 --cpu_bind=threads /global/cscratch1/sd/jcha9928/anal/ABCD/abcd_nersc_code/job/cmd.recon.sub-NDARINV72PBFKDM > /global/cscratch1/sd/jcha9928/anal/ABCD/abcd_nersc_code/job/log.recon.sub-NDARINV72PBFKDM 2>&1
/var/spool/slurmd/job10985681/slurm_script: line 1065: 40517 Aborted                 srun -N 1 -n 1 --cpu_bind=threads /global/cscratch1/sd/jcha9928/anal/ABCD/abcd_nersc_code/job/cmd.recon.sub-NDARINV73D1F1AM > /global/cscratch1/sd/jcha9928/anal/ABCD/abcd_nersc_code/job/log.recon.sub-NDARINV73D1F1AM 2>&1
/var/spool/slurmd/job10985681/slurm_script: fork: retry: Resource temporarily unavailable
/var/spool/slurmd/job10985681/slurm_script: fork: retry: Resource temporarily unavailable
/var/spool/slurmd/job10985681/slurm_script: fork: retry: Resource temporarily unavailable
/var/spool/slurmd/job10985681/slurm_script: fork: retry: Resource temporarily unavailable
/var/spool/slurmd/job10985681/slurm_script: line 1069: 40520 Aborted                 srun -N 1 -n 1 --cpu_bind=threads /global/cscratch1/sd/jcha9928/anal/ABCD/abcd_nersc_code/job/cmd.recon.sub-NDARINV73J1L7TG > /global/cscratch1/sd/jcha9928/anal/ABCD/abcd_nersc_code/job/log.recon.sub-NDARINV73J1L7TG 2>&1
/var/spool/slurmd/job10985681/slurm_script: line 1069: 40524 Aborted                 srun -N 1 -n 1 --cpu_bind=threads /global/cscratch1/sd/jcha9928/anal/ABCD/abcd_nersc_code/job/cmd.recon.sub-NDARINV743YNW7Y > /global/cscratch1/sd/jcha9928/anal/ABCD/abcd_nersc_code/job/log.recon.sub-NDARINV743YNW7Y 2>&1
/var/spool/slurmd/job10985681/slurm_script: line 1071: 40536 Aborted                 srun -N 1 -n 1 --cpu_bind=threads /global/cscratch1/sd/jcha9928/anal/ABCD/abcd_nersc_code/job/cmd.recon.sub-NDARINV74A66FHC > /global/cscratch1/sd/jcha9928/anal/ABCD/abcd_nersc_code/job/log.recon.sub-NDARINV74A66FHC 2>&1
/var/spool/slurmd/job10985681/slurm_script: fork: retry: Resource temporarily unavailable
/var/spool/slurmd/job10985681/slurm_script: fork: retry: Resource temporarily unavailable
/var/spool/slurmd/job10985681/slurm_script: fork: retry: Resource temporarily unavailable
/var/spool/slurmd/job10985681/slurm_script: line 1075: 40539 Aborted                 srun -N 1 -n 1 --cpu_bind=threads /global/cscratch1/sd/jcha9928/anal/ABCD/abcd_nersc_code/job/cmd.recon.sub-NDARINV74MKXN03 > /global/cscratch1/sd/jcha9928/anal/ABCD/abcd_nersc_code/job/log.recon.sub-NDARINV74MKXN03 2>&1
/var/spool/slurmd/job10985681/slurm_script: fork: retry: Resource temporarily unavailable
/var/spool/slurmd/job10985681/slurm_script: fork: retry: Resource temporarily unavailable
/var/spool/slurmd/job10985681/slurm_script: fork: retry: Resource temporarily unavailable
/var/spool/slurmd/job10985681/slurm_script: fork: retry: Resource temporarily unavailable
/var/spool/slurmd/job10985681/slurm_script: line 1077: 40543 Aborted                 srun -N 1 -n 1 --cpu_bind=threads /global/cscratch1/sd/jcha9928/anal/ABCD/abcd_nersc_code/job/cmd.recon.sub-NDARINV75H3LM5P > /global/cscratch1/sd/jcha9928/anal/ABCD/abcd_nersc_code/job/log.recon.sub-NDARINV75H3LM5P 2>&1
/var/spool/slurmd/job10985681/slurm_script: line 1077: 40550 Aborted                 srun -N 1 -n 1 --cpu_bind=threads /global/cscratch1/sd/jcha9928/anal/ABCD/abcd_nersc_code/job/cmd.recon.sub-NDARINV75RAY395 > /global/cscratch1/sd/jcha9928/anal/ABCD/abcd_nersc_code/job/log.recon.sub-NDARINV75RAY395 2>&1
/var/spool/slurmd/job10985681/slurm_script: line 1079: 40561 Aborted                 srun -N 1 -n 1 --cpu_bind=threads /global/cscratch1/sd/jcha9928/anal/ABCD/abcd_nersc_code/job/cmd.recon.sub-NDARINV75RKEU4Z > /global/cscratch1/sd/jcha9928/anal/ABCD/abcd_nersc_code/job/log.recon.sub-NDARINV75RKEU4Z 2>&1
/var/spool/slurmd/job10985681/slurm_script: fork: retry: Resource temporarily unavailable
/var/spool/slurmd/job10985681/slurm_script: fork: retry: Resource temporarily unavailable
/var/spool/slurmd/job10985681/slurm_script: fork: retry: Resource temporarily unavailable
/var/spool/slurmd/job10985681/slurm_script: line 1083: 40564 Aborted                 srun -N 1 -n 1 --cpu_bind=threads /global/cscratch1/sd/jcha9928/anal/ABCD/abcd_nersc_code/job/cmd.recon.sub-NDARINV75Y0PRA7 > /global/cscratch1/sd/jcha9928/anal/ABCD/abcd_nersc_code/job/log.recon.sub-NDARINV75Y0PRA7 2>&1
/var/spool/slurmd/job10985681/slurm_script: line 1083: 40568 Aborted                 srun -N 1 -n 1 --cpu_bind=threads /global/cscratch1/sd/jcha9928/anal/ABCD/abcd_nersc_code/job/cmd.recon.sub-NDARINV761E1JVD > /global/cscratch1/sd/jcha9928/anal/ABCD/abcd_nersc_code/job/log.recon.sub-NDARINV761E1JVD 2>&1
/var/spool/slurmd/job10985681/slurm_script: fork: retry: Resource temporarily unavailable
/var/spool/slurmd/job10985681/slurm_script: fork: retry: Resource temporarily unavailable
/var/spool/slurmd/job10985681/slurm_script: fork: retry: Resource temporarily unavailable
/var/spool/slurmd/job10985681/slurm_script: line 1087: 40575 Aborted                 srun -N 1 -n 1 --cpu_bind=threads /global/cscratch1/sd/jcha9928/anal/ABCD/abcd_nersc_code/job/cmd.recon.sub-NDARINV76K5LEL6 > /global/cscratch1/sd/jcha9928/anal/ABCD/abcd_nersc_code/job/log.recon.sub-NDARINV76K5LEL6 2>&1
/var/spool/slurmd/job10985681/slurm_script: line 1087: 40578 Aborted                 srun -N 1 -n 1 --cpu_bind=threads /global/cscratch1/sd/jcha9928/anal/ABCD/abcd_nersc_code/job/cmd.recon.sub-NDARINV77GU1E3W > /global/cscratch1/sd/jcha9928/anal/ABCD/abcd_nersc_code/job/log.recon.sub-NDARINV77GU1E3W 2>&1
/var/spool/slurmd/job10985681/slurm_script: line 1089: 40586 Aborted                 srun -N 1 -n 1 --cpu_bind=threads /global/cscratch1/sd/jcha9928/anal/ABCD/abcd_nersc_code/job/cmd.recon.sub-NDARINV78PUEPUH > /global/cscratch1/sd/jcha9928/anal/ABCD/abcd_nersc_code/job/log.recon.sub-NDARINV78PUEPUH 2>&1
/var/spool/slurmd/job10985681/slurm_script: line 1091: 40590 Aborted                 srun -N 1 -n 1 --cpu_bind=threads /global/cscratch1/sd/jcha9928/anal/ABCD/abcd_nersc_code/job/cmd.recon.sub-NDARINV78TL163B > /global/cscratch1/sd/jcha9928/anal/ABCD/abcd_nersc_code/job/log.recon.sub-NDARINV78TL163B 2>&1
/var/spool/slurmd/job10985681/slurm_script: line 1093: 40593 Aborted                 srun -N 1 -n 1 --cpu_bind=threads /global/cscratch1/sd/jcha9928/anal/ABCD/abcd_nersc_code/job/cmd.recon.sub-NDARINV78YTP5L9 > /global/cscratch1/sd/jcha9928/anal/ABCD/abcd_nersc_code/job/log.recon.sub-NDARINV78YTP5L9 2>&1
/var/spool/slurmd/job10985681/slurm_script: line 1095: 40598 Aborted                 srun -N 1 -n 1 --cpu_bind=threads /global/cscratch1/sd/jcha9928/anal/ABCD/abcd_nersc_code/job/cmd.recon.sub-NDARINV792K6B34 > /global/cscratch1/sd/jcha9928/anal/ABCD/abcd_nersc_code/job/log.recon.sub-NDARINV792K6B34 2>&1
/var/spool/slurmd/job10985681/slurm_script: line 1097: 40601 Aborted                 srun -N 1 -n 1 --cpu_bind=threads /global/cscratch1/sd/jcha9928/anal/ABCD/abcd_nersc_code/job/cmd.recon.sub-NDARINV79LXV51U > /global/cscratch1/sd/jcha9928/anal/ABCD/abcd_nersc_code/job/log.recon.sub-NDARINV79LXV51U 2>&1
/var/spool/slurmd/job10985681/slurm_script: line 1099: 40605 Aborted                 srun -N 1 -n 1 --cpu_bind=threads /global/cscratch1/sd/jcha9928/anal/ABCD/abcd_nersc_code/job/cmd.recon.sub-NDARINV79NF4B2M > /global/cscratch1/sd/jcha9928/anal/ABCD/abcd_nersc_code/job/log.recon.sub-NDARINV79NF4B2M 2>&1
/var/spool/slurmd/job10985681/slurm_script: line 1101: 40608 Aborted                 srun -N 1 -n 1 --cpu_bind=threads /global/cscratch1/sd/jcha9928/anal/ABCD/abcd_nersc_code/job/cmd.recon.sub-NDARINV7A5RDHVW > /global/cscratch1/sd/jcha9928/anal/ABCD/abcd_nersc_code/job/log.recon.sub-NDARINV7A5RDHVW 2>&1
/var/spool/slurmd/job10985681/slurm_script: line 1103: 40612 Aborted                 srun -N 1 -n 1 --cpu_bind=threads /global/cscratch1/sd/jcha9928/anal/ABCD/abcd_nersc_code/job/cmd.recon.sub-NDARINV7A80G68A > /global/cscratch1/sd/jcha9928/anal/ABCD/abcd_nersc_code/job/log.recon.sub-NDARINV7A80G68A 2>&1
/var/spool/slurmd/job10985681/slurm_script: line 1105: 40615 Aborted                 srun -N 1 -n 1 --cpu_bind=threads /global/cscratch1/sd/jcha9928/anal/ABCD/abcd_nersc_code/job/cmd.recon.sub-NDARINV7ACL01JV > /global/cscratch1/sd/jcha9928/anal/ABCD/abcd_nersc_code/job/log.recon.sub-NDARINV7ACL01JV 2>&1
/var/spool/slurmd/job10985681/slurm_script: line 1107: 40619 Aborted                 srun -N 1 -n 1 --cpu_bind=threads /global/cscratch1/sd/jcha9928/anal/ABCD/abcd_nersc_code/job/cmd.recon.sub-NDARINV7AW78FJX > /global/cscratch1/sd/jcha9928/anal/ABCD/abcd_nersc_code/job/log.recon.sub-NDARINV7AW78FJX 2>&1
/var/spool/slurmd/job10985681/slurm_script: line 1109: 40622 Aborted                 srun -N 1 -n 1 --cpu_bind=threads /global/cscratch1/sd/jcha9928/anal/ABCD/abcd_nersc_code/job/cmd.recon.sub-NDARINV7AWGW55P > /global/cscratch1/sd/jcha9928/anal/ABCD/abcd_nersc_code/job/log.recon.sub-NDARINV7AWGW55P 2>&1
/var/spool/slurmd/job10985681/slurm_script: fork: retry: Resource temporarily unavailable
/var/spool/slurmd/job10985681/slurm_script: fork: retry: Resource temporarily unavailable
/var/spool/slurmd/job10985681/slurm_script: fork: retry: Resource temporarily unavailable
/var/spool/slurmd/job10985681/slurm_script: fork: retry: Resource temporarily unavailable
/var/spool/slurmd/job10985681/slurm_script: line 1113: 40626 Aborted                 srun -N 1 -n 1 --cpu_bind=threads /global/cscratch1/sd/jcha9928/anal/ABCD/abcd_nersc_code/job/cmd.recon.sub-NDARINV7B2CAC25 > /global/cscratch1/sd/jcha9928/anal/ABCD/abcd_nersc_code/job/log.recon.sub-NDARINV7B2CAC25 2>&1
/var/spool/slurmd/job10985681/slurm_script: line 1113: 40629 Aborted                 srun -N 1 -n 1 --cpu_bind=threads /global/cscratch1/sd/jcha9928/anal/ABCD/abcd_nersc_code/job/cmd.recon.sub-NDARINV7BCF45XY > /global/cscratch1/sd/jcha9928/anal/ABCD/abcd_nersc_code/job/log.recon.sub-NDARINV7BCF45XY 2>&1
/var/spool/slurmd/job10985681/slurm_script: fork: retry: Resource temporarily unavailable
/var/spool/slurmd/job10985681/slurm_script: fork: retry: Resource temporarily unavailable
/var/spool/slurmd/job10985681/slurm_script: fork: retry: Resource temporarily unavailable
/var/spool/slurmd/job10985681/slurm_script: fork: retry: Resource temporarily unavailable
/var/spool/slurmd/job10985681/slurm_script: line 1117: 40663 Aborted                 srun -N 1 -n 1 --cpu_bind=threads /global/cscratch1/sd/jcha9928/anal/ABCD/abcd_nersc_code/job/cmd.recon.sub-NDARINV7BKAZZAM > /global/cscratch1/sd/jcha9928/anal/ABCD/abcd_nersc_code/job/log.recon.sub-NDARINV7BKAZZAM 2>&1
/var/spool/slurmd/job10985681/slurm_script: line 1117: 40667 Aborted                 srun -N 1 -n 1 --cpu_bind=threads /global/cscratch1/sd/jcha9928/anal/ABCD/abcd_nersc_code/job/cmd.recon.sub-NDARINV7BTZH7L2 > /global/cscratch1/sd/jcha9928/anal/ABCD/abcd_nersc_code/job/log.recon.sub-NDARINV7BTZH7L2 2>&1
/var/spool/slurmd/job10985681/slurm_script: line 1119: 40678 Aborted                 srun -N 1 -n 1 --cpu_bind=threads /global/cscratch1/sd/jcha9928/anal/ABCD/abcd_nersc_code/job/cmd.recon.sub-NDARINV7CAPEPP7 > /global/cscratch1/sd/jcha9928/anal/ABCD/abcd_nersc_code/job/log.recon.sub-NDARINV7CAPEPP7 2>&1
/var/spool/slurmd/job10985681/slurm_script: line 1121: 40681 Aborted                 srun -N 1 -n 1 --cpu_bind=threads /global/cscratch1/sd/jcha9928/anal/ABCD/abcd_nersc_code/job/cmd.recon.sub-NDARINV7CB47GY8 > /global/cscratch1/sd/jcha9928/anal/ABCD/abcd_nersc_code/job/log.recon.sub-NDARINV7CB47GY8 2>&1
/var/spool/slurmd/job10985681/slurm_script: line 1123: 40685 Aborted                 srun -N 1 -n 1 --cpu_bind=threads /global/cscratch1/sd/jcha9928/anal/ABCD/abcd_nersc_code/job/cmd.recon.sub-NDARINV7CBLTJJ7 > /global/cscratch1/sd/jcha9928/anal/ABCD/abcd_nersc_code/job/log.recon.sub-NDARINV7CBLTJJ7 2>&1
/var/spool/slurmd/job10985681/slurm_script: line 1125: 40688 Aborted                 srun -N 1 -n 1 --cpu_bind=threads /global/cscratch1/sd/jcha9928/anal/ABCD/abcd_nersc_code/job/cmd.recon.sub-NDARINV7CN47GEF > /global/cscratch1/sd/jcha9928/anal/ABCD/abcd_nersc_code/job/log.recon.sub-NDARINV7CN47GEF 2>&1
/var/spool/slurmd/job10985681/slurm_script: line 1127: 40692 Aborted                 srun -N 1 -n 1 --cpu_bind=threads /global/cscratch1/sd/jcha9928/anal/ABCD/abcd_nersc_code/job/cmd.recon.sub-NDARINV7DG2NPET > /global/cscratch1/sd/jcha9928/anal/ABCD/abcd_nersc_code/job/log.recon.sub-NDARINV7DG2NPET 2>&1
/var/spool/slurmd/job10985681/slurm_script: line 1129: 40695 Aborted                 srun -N 1 -n 1 --cpu_bind=threads /global/cscratch1/sd/jcha9928/anal/ABCD/abcd_nersc_code/job/cmd.recon.sub-NDARINV7DUJG7N2 > /global/cscratch1/sd/jcha9928/anal/ABCD/abcd_nersc_code/job/log.recon.sub-NDARINV7DUJG7N2 2>&1
/var/spool/slurmd/job10985681/slurm_script: line 1131: 40699 Aborted                 srun -N 1 -n 1 --cpu_bind=threads /global/cscratch1/sd/jcha9928/anal/ABCD/abcd_nersc_code/job/cmd.recon.sub-NDARINV7E36P23G > /global/cscratch1/sd/jcha9928/anal/ABCD/abcd_nersc_code/job/log.recon.sub-NDARINV7E36P23G 2>&1
/var/spool/slurmd/job10985681/slurm_script: line 1133: 40702 Aborted                 srun -N 1 -n 1 --cpu_bind=threads /global/cscratch1/sd/jcha9928/anal/ABCD/abcd_nersc_code/job/cmd.recon.sub-NDARINV7E8WJTYE > /global/cscratch1/sd/jcha9928/anal/ABCD/abcd_nersc_code/job/log.recon.sub-NDARINV7E8WJTYE 2>&1
/var/spool/slurmd/job10985681/slurm_script: fork: retry: Resource temporarily unavailable
/var/spool/slurmd/job10985681/slurm_script: fork: retry: Resource temporarily unavailable
/var/spool/slurmd/job10985681/slurm_script: line 1137: 40706 Aborted                 srun -N 1 -n 1 --cpu_bind=threads /global/cscratch1/sd/jcha9928/anal/ABCD/abcd_nersc_code/job/cmd.recon.sub-NDARINV7ELLRXA6 > /global/cscratch1/sd/jcha9928/anal/ABCD/abcd_nersc_code/job/log.recon.sub-NDARINV7ELLRXA6 2>&1
/var/spool/slurmd/job10985681/slurm_script: line 1137: 40709 Aborted                 srun -N 1 -n 1 --cpu_bind=threads /global/cscratch1/sd/jcha9928/anal/ABCD/abcd_nersc_code/job/cmd.recon.sub-NDARINV7FC40YZ3 > /global/cscratch1/sd/jcha9928/anal/ABCD/abcd_nersc_code/job/log.recon.sub-NDARINV7FC40YZ3 2>&1
/var/spool/slurmd/job10985681/slurm_script: fork: retry: Resource temporarily unavailable
/var/spool/slurmd/job10985681/slurm_script: fork: retry: Resource temporarily unavailable
/var/spool/slurmd/job10985681/slurm_script: fork: retry: Resource temporarily unavailable
/var/spool/slurmd/job10985681/slurm_script: fork: retry: Resource temporarily unavailable
/var/spool/slurmd/job10985681/slurm_script: line 1141: 40714 Aborted                 srun -N 1 -n 1 --cpu_bind=threads /global/cscratch1/sd/jcha9928/anal/ABCD/abcd_nersc_code/job/cmd.recon.sub-NDARINV7FTHG8XU > /global/cscratch1/sd/jcha9928/anal/ABCD/abcd_nersc_code/job/log.recon.sub-NDARINV7FTHG8XU 2>&1
/var/spool/slurmd/job10985681/slurm_script: line 1141: 40718 Aborted                 srun -N 1 -n 1 --cpu_bind=threads /global/cscratch1/sd/jcha9928/anal/ABCD/abcd_nersc_code/job/cmd.recon.sub-NDARINV7G30XLFU > /global/cscratch1/sd/jcha9928/anal/ABCD/abcd_nersc_code/job/log.recon.sub-NDARINV7G30XLFU 2>&1
/var/spool/slurmd/job10985681/slurm_script: fork: retry: Resource temporarily unavailable
/var/spool/slurmd/job10985681/slurm_script: fork: retry: Resource temporarily unavailable
/var/spool/slurmd/job10985681/slurm_script: fork: retry: Resource temporarily unavailable
/var/spool/slurmd/job10985681/slurm_script: line 1145: 40730 Aborted                 srun -N 1 -n 1 --cpu_bind=threads /global/cscratch1/sd/jcha9928/anal/ABCD/abcd_nersc_code/job/cmd.recon.sub-NDARINV7GDD5D2D > /global/cscratch1/sd/jcha9928/anal/ABCD/abcd_nersc_code/job/log.recon.sub-NDARINV7GDD5D2D 2>&1
/var/spool/slurmd/job10985681/slurm_script: line 1145: 40733 Aborted                 srun -N 1 -n 1 --cpu_bind=threads /global/cscratch1/sd/jcha9928/anal/ABCD/abcd_nersc_code/job/cmd.recon.sub-NDARINV7GGXBFFE > /global/cscratch1/sd/jcha9928/anal/ABCD/abcd_nersc_code/job/log.recon.sub-NDARINV7GGXBFFE 2>&1
/var/spool/slurmd/job10985681/slurm_script: fork: retry: Resource temporarily unavailable
/var/spool/slurmd/job10985681/slurm_script: fork: retry: Resource temporarily unavailable
/var/spool/slurmd/job10985681/slurm_script: line 1149: 40741 Aborted                 srun -N 1 -n 1 --cpu_bind=threads /global/cscratch1/sd/jcha9928/anal/ABCD/abcd_nersc_code/job/cmd.recon.sub-NDARINV7H18U74U > /global/cscratch1/sd/jcha9928/anal/ABCD/abcd_nersc_code/job/log.recon.sub-NDARINV7H18U74U 2>&1
/var/spool/slurmd/job10985681/slurm_script: fork: retry: Resource temporarily unavailable
/var/spool/slurmd/job10985681/slurm_script: fork: retry: Resource temporarily unavailable
/var/spool/slurmd/job10985681/slurm_script: fork: retry: Resource temporarily unavailable
/var/spool/slurmd/job10985681/slurm_script: fork: retry: Resource temporarily unavailable
/var/spool/slurmd/job10985681/slurm_script: fork: Resource temporarily unavailable
